#
# There is insufficient memory for the Java Runtime Environment to continue.
# Native memory allocation (mmap) failed to map 56623104 bytes for committing reserved memory.
# Possible reasons:
#   The system is out of physical RAM or swap space
#   In 32 bit mode, the process size limit was hit
# Possible solutions:
#   Reduce memory load on the system
#   Increase physical memory or swap space
#   Check if swap backing store is full
#   Use 64 bit Java on a 64 bit OS
#   Decrease Java heap size (-Xmx/-Xms)
#   Decrease number of Java threads
#   Decrease Java thread stack sizes (-Xss)
#   Set larger code cache with -XX:ReservedCodeCacheSize=
# This output file may be truncated or incomplete.
#
#  Out of Memory Error (os_linux.cpp:2673), pid=7216, tid=1722485568
#
# JRE version: Java(TM) SE Runtime Environment (8.0_45-b14) (build 1.8.0_45-b14)
# Java VM: Java HotSpot(TM) Server VM (25.45-b02 mixed mode linux-x86 )
# Failed to write core dump. Core dumps have been disabled. To enable core dumping, try "ulimit -c unlimited" before starting Java again
#

---------------  T H R E A D  ---------------

Current thread (0x63d10400):  VMThread [stack: 0x66a30000,0x66ab1000] [id=7233]

Stack: [0x66a30000,0x66ab1000],  sp=0x66aaf920,  free space=510k
Native frames: (J=compiled Java code, j=interpreted, Vv=VM code, C=native code)
V  [libjvm.so+0x8c1ecf]  VMError::report_and_die()+0x16f
V  [libjvm.so+0x386495]  report_vm_out_of_memory(char const*, int, unsigned int, VMErrorType, char const*)+0x55
V  [libjvm.so+0x7467a6]  os::Linux::commit_memory_impl(char*, unsigned int, bool)+0xe6
V  [libjvm.so+0x746bc8]  os::pd_commit_memory(char*, unsigned int, unsigned int, bool)+0x28
V  [libjvm.so+0x7402ec]  os::commit_memory(char*, unsigned int, unsigned int, bool)+0x2c
V  [libjvm.so+0x7aa598]  PSVirtualSpace::expand_by(unsigned int)+0x48
V  [libjvm.so+0x7ab69a]  PSYoungGen::resize_generation(unsigned int, unsigned int)+0xda
V  [libjvm.so+0x7aa9c9]  PSYoungGen::resize(unsigned int, unsigned int)+0x19
V  [libjvm.so+0x7a82ed]  PSScavenge::invoke_no_policy()+0xd4d
V  [libjvm.so+0x7a8ab8]  PSScavenge::invoke()+0x28
V  [libjvm.so+0x767d8a]  ParallelScavengeHeap::failed_mem_allocate(unsigned int)+0x5a
V  [libjvm.so+0x8c379a]  VM_ParallelGCFailedAllocation::doit()+0x7a
V  [libjvm.so+0x8cc9b7]  VM_Operation::evaluate()+0x47
V  [libjvm.so+0x8caa93]  VMThread::evaluate_operation(VM_Operation*)+0xb3
V  [libjvm.so+0x8cae30]  VMThread::loop()+0x1b0
V  [libjvm.so+0x8cb295]  VMThread::run()+0x85
V  [libjvm.so+0x749049]  java_start(Thread*)+0x119
C  [libpthread.so.0+0x6f70]  start_thread+0xd0

VM_Operation (0xb6728960): ParallelGCFailedAllocation, mode: safepoint, requested by thread 0xb6507400


---------------  P R O C E S S  ---------------

Java Threads: ( => current thread )
  0x63d38000 JavaThread "Service Thread" daemon [_thread_blocked, id=7245, stack(0x6382a000,0x6387b000)]
  0x63d35000 JavaThread "C1 CompilerThread1" daemon [_thread_blocked, id=7243, stack(0x6387b000,0x638fc000)]
  0x63d33000 JavaThread "C2 CompilerThread0" daemon [_thread_blocked, id=7242, stack(0x638fc000,0x6397d000)]
  0x63d31c00 JavaThread "Signal Dispatcher" daemon [_thread_blocked, id=7241, stack(0x6397d000,0x639ce000)]
  0x63d14c00 JavaThread "Finalizer" daemon [_thread_blocked, id=7236, stack(0x63e39000,0x63e8a000)]
  0x63d13400 JavaThread "Reference Handler" daemon [_thread_blocked, id=7234, stack(0x63e8a000,0x63edb000)]
  0xb6507400 JavaThread "main" [_thread_blocked, id=7227, stack(0xb66d9000,0xb672a000)]

Other Threads:
=>0x63d10400 VMThread [stack: 0x66a30000,0x66ab1000] [id=7233]
  0x63d39c00 WatcherThread [stack: 0x637a9000,0x6382a000] [id=7246]

VM state:at safepoint (normal execution)

VM Mutex/Monitor currently owned by a thread:  ([mutex/lock_event])
[0xb6504c50] Threads_lock - owner thread: 0x63d10400
[0xb6505060] Heap_lock - owner thread: 0xb6507400

Heap:
 PSYoungGen      total 52992K, used 5372K [0x91ac0000, 0x95440000, 0xa7000000)
  eden space 47616K, 0% used [0x91ac0000,0x91ac0000,0x94940000)
  from space 5376K, 99% used [0x94940000,0x94e7f260,0x94e80000)
  to   space 4864K, 0% used [0x94e80000,0x94e80000,0x95340000)
 ParOldGen       total 31488K, used 17912K [0x67000000, 0x68ec0000, 0x91ac0000)
  object space 31488K, 56% used [0x67000000,0x6817e0c8,0x68ec0000)
 Metaspace       used 3802K, capacity 3902K, committed 3992K, reserved 4400K

Card table byte_map: [0x66dff000,0x67000000] byte_map_base: 0x66ac7000

Marking Bits: (ParMarkBitMap*) 0xb7160960
 Begin Bits: [0x64900000, 0x65900000)
 End Bits:   [0x65900000, 0x66900000)

Polling page: 0xb7765000

CodeCache: size=245760Kb used=5637Kb max_used=5640Kb free=240123Kb
 bounds [0xa7500000, 0xa7a88000, 0xb6500000]
 total_blobs=1873 nmethods=1716 adapters=71
 compilation: enabled

Compilation events (10 events):
Event: 6,926 Thread 0x63d35000 1760       2       com.android.dx.cf.code.ByteCatchList$Item::getExceptionClass (18 bytes)
Event: 6,927 Thread 0x63d35000 nmethod 1760 0xa7a7bc88 code [0xa7a7bda0, 0xa7a7be80]
Event: 6,927 Thread 0x63d35000 1763       2       com.android.dx.dex.code.RopTranslator::access$600 (6 bytes)
Event: 6,927 Thread 0x63d35000 nmethod 1763 0xa7a7ba08 code [0xa7a7bb20, 0xa7a7bbec]
Event: 6,927 Thread 0x63d35000 1764       2       com.android.dx.dex.code.SimpleInsn::<init> (8 bytes)
Event: 6,927 Thread 0x63d35000 nmethod 1764 0xa7a7b748 code [0xa7a7b860, 0xa7a7b94c]
Event: 6,927 Thread 0x63d35000 1757       2       com.android.dx.dex.file.ClassDataItem::addStaticField (51 bytes)
Event: 6,930 Thread 0x63d35000 nmethod 1757 0xa7a7a848 code [0xa7a7aa00, 0xa7a7ae54]
Event: 6,930 Thread 0x63d35000 1765       1       com.android.dx.cf.attrib.AttExceptions::getExceptions (5 bytes)
Event: 6,930 Thread 0x63d35000 nmethod 1765 0xa7a6d348 code [0xa7a6d440, 0xa7a6d4e0]

GC Heap History (10 events):
Event: 2,771 GC heap after
Heap after GC invocations=2 (full 0):
 PSYoungGen      total 13824K, used 1788K [0x91ac0000, 0x935c0000, 0xa7000000)
  eden space 12032K, 0% used [0x91ac0000,0x91ac0000,0x92680000)
  from space 1792K, 99% used [0x92840000,0x929ff2d8,0x92a00000)
  to   space 1792K, 0% used [0x92680000,0x92680000,0x92840000)
 ParOldGen       total 31488K, used 3547K [0x67000000, 0x68ec0000, 0x91ac0000)
  object space 31488K, 11% used [0x67000000,0x67376c40,0x68ec0000)
 Metaspace       used 3634K, capacity 3742K, committed 3864K, reserved 4400K
}
Event: 3,325 GC heap before
{Heap before GC invocations=3 (full 0):
 PSYoungGen      total 13824K, used 13820K [0x91ac0000, 0x935c0000, 0xa7000000)
  eden space 12032K, 100% used [0x91ac0000,0x92680000,0x92680000)
  from space 1792K, 99% used [0x92840000,0x929ff2d8,0x92a00000)
  to   space 1792K, 0% used [0x92680000,0x92680000,0x92840000)
 ParOldGen       total 31488K, used 3547K [0x67000000, 0x68ec0000, 0x91ac0000)
  object space 31488K, 11% used [0x67000000,0x67376c40,0x68ec0000)
 Metaspace       used 3704K, capacity 3806K, committed 3864K, reserved 4400K
Event: 3,373 GC heap after
Heap after GC invocations=3 (full 0):
 PSYoungGen      total 13824K, used 1785K [0x91ac0000, 0x935c0000, 0xa7000000)
  eden space 12032K, 0% used [0x91ac0000,0x91ac0000,0x92680000)
  from space 1792K, 99% used [0x92680000,0x9283e448,0x92840000)
  to   space 1792K, 0% used [0x93400000,0x93400000,0x935c0000)
 ParOldGen       total 31488K, used 5642K [0x67000000, 0x68ec0000, 0x91ac0000)
  object space 31488K, 17% used [0x67000000,0x67582970,0x68ec0000)
 Metaspace       used 3704K, capacity 3806K, committed 3864K, reserved 4400K
}
Event: 3,655 GC heap before
{Heap before GC invocations=4 (full 0):
 PSYoungGen      total 13824K, used 13817K [0x91ac0000, 0x935c0000, 0xa7000000)
  eden space 12032K, 100% used [0x91ac0000,0x92680000,0x92680000)
  from space 1792K, 99% used [0x92680000,0x9283e448,0x92840000)
  to   space 1792K, 0% used [0x93400000,0x93400000,0x935c0000)
 ParOldGen       total 31488K, used 5642K [0x67000000, 0x68ec0000, 0x91ac0000)
  object space 31488K, 17% used [0x67000000,0x67582970,0x68ec0000)
 Metaspace       used 3742K, capacity 3838K, committed 3864K, reserved 4400K
Event: 3,695 GC heap after
Heap after GC invocations=4 (full 0):
 PSYoungGen      total 25856K, used 1789K [0x91ac0000, 0x935c0000, 0xa7000000)
  eden space 24064K, 0% used [0x91ac0000,0x91ac0000,0x93240000)
  from space 1792K, 99% used [0x93400000,0x935bf410,0x935c0000)
  to   space 1792K, 0% used [0x93240000,0x93240000,0x93400000)
 ParOldGen       total 31488K, used 7452K [0x67000000, 0x68ec0000, 0x91ac0000)
  object space 31488K, 23% used [0x67000000,0x677470c0,0x68ec0000)
 Metaspace       used 3742K, capacity 3838K, committed 3864K, reserved 4400K
}
Event: 4,190 GC heap before
{Heap before GC invocations=5 (full 0):
 PSYoungGen      total 25856K, used 25853K [0x91ac0000, 0x935c0000, 0xa7000000)
  eden space 24064K, 100% used [0x91ac0000,0x93240000,0x93240000)
  from space 1792K, 99% used [0x93400000,0x935bf410,0x935c0000)
  to   space 1792K, 0% used [0x93240000,0x93240000,0x93400000)
 ParOldGen       total 31488K, used 7452K [0x67000000, 0x68ec0000, 0x91ac0000)
  object space 31488K, 23% used [0x67000000,0x677470c0,0x68ec0000)
 Metaspace       used 3764K, capacity 3870K, committed 3992K, reserved 4400K
Event: 4,244 GC heap after
Heap after GC invocations=5 (full 0):
 PSYoungGen      total 25856K, used 1779K [0x91ac0000, 0x95340000, 0xa7000000)
  eden space 24064K, 0% used [0x91ac0000,0x91ac0000,0x93240000)
  from space 1792K, 99% used [0x93240000,0x933fcd48,0x93400000)
  to   space 4864K, 0% used [0x94e80000,0x94e80000,0x95340000)
 ParOldGen       total 31488K, used 10710K [0x67000000, 0x68ec0000, 0x91ac0000)
  object space 31488K, 34% used [0x67000000,0x67a75ae8,0x68ec0000)
 Metaspace       used 3764K, capacity 3870K, committed 3992K, reserved 4400K
}
Event: 4,786 GC heap before
{Heap before GC invocations=6 (full 0):
 PSYoungGen      total 25856K, used 25843K [0x91ac0000, 0x95340000, 0xa7000000)
  eden space 24064K, 100% used [0x91ac0000,0x93240000,0x93240000)
  from space 1792K, 99% used [0x93240000,0x933fcd48,0x93400000)
  to   space 4864K, 0% used [0x94e80000,0x94e80000,0x95340000)
 ParOldGen       total 31488K, used 10710K [0x67000000, 0x68ec0000, 0x91ac0000)
  object space 31488K, 34% used [0x67000000,0x67a75ae8,0x68ec0000)
 Metaspace       used 3779K, capacity 3870K, committed 3992K, reserved 4400K
Event: 4,838 GC heap after
Heap after GC invocations=6 (full 0):
 PSYoungGen      total 52480K, used 4862K [0x91ac0000, 0x95440000, 0xa7000000)
  eden space 47616K, 0% used [0x91ac0000,0x91ac0000,0x94940000)
  from space 4864K, 99% used [0x94e80000,0x9533f900,0x95340000)
  to   space 5376K, 0% used [0x94940000,0x94940000,0x94e80000)
 ParOldGen       total 31488K, used 10959K [0x67000000, 0x68ec0000, 0x91ac0000)
  object space 31488K, 34% used [0x67000000,0x67ab3e50,0x68ec0000)
 Metaspace       used 3779K, capacity 3870K, committed 3992K, reserved 4400K
}
Event: 6,935 GC heap before
{Heap before GC invocations=7 (full 0):
 PSYoungGen      total 52480K, used 52478K [0x91ac0000, 0x95440000, 0xa7000000)
  eden space 47616K, 100% used [0x91ac0000,0x94940000,0x94940000)
  from space 4864K, 99% used [0x94e80000,0x9533f900,0x95340000)
  to   space 5376K, 0% used [0x94940000,0x94940000,0x94e80000)
 ParOldGen       total 31488K, used 10959K [0x67000000, 0x68ec0000, 0x91ac0000)
  object space 31488K, 34% used [0x67000000,0x67ab3e50,0x68ec0000)
 Metaspace       used 3802K, capacity 3902K, committed 3992K, reserved 4400K

Deoptimization events (10 events):
Event: 3,940 Thread 0xb6507400 Uncommon trap: reason=bimorphic action=maybe_recompile pc=0xa7848578 method=java.util.HashMap.getNode(ILjava/lang/Object;)Ljava/util/HashMap$Node; @ 126
Event: 3,940 Thread 0xb6507400 Uncommon trap: reason=bimorphic action=maybe_recompile pc=0xa7848578 method=java.util.HashMap.getNode(ILjava/lang/Object;)Ljava/util/HashMap$Node; @ 126
Event: 3,941 Thread 0xb6507400 Uncommon trap: reason=bimorphic action=maybe_recompile pc=0xa7848578 method=java.util.HashMap.getNode(ILjava/lang/Object;)Ljava/util/HashMap$Node; @ 126
Event: 3,941 Thread 0xb6507400 Uncommon trap: reason=bimorphic action=maybe_recompile pc=0xa7848578 method=java.util.HashMap.getNode(ILjava/lang/Object;)Ljava/util/HashMap$Node; @ 126
Event: 4,053 Thread 0xb6507400 Uncommon trap: reason=null_check action=make_not_entrant pc=0xa78ae900 method=com.android.dx.rop.type.Type.equals(Ljava/lang/Object;)Z @ 8
Event: 4,387 Thread 0xb6507400 Uncommon trap: reason=unstable_if action=reinterpret pc=0xa781d898 method=com.android.dx.rop.code.LocalItem.hashCode()I @ 25
Event: 4,389 Thread 0xb6507400 Uncommon trap: reason=unstable_if action=reinterpret pc=0xa7972f80 method=com.android.dx.rop.code.LocalItem.hashCode()I @ 25
Event: 4,390 Thread 0xb6507400 Uncommon trap: reason=unstable_if action=reinterpret pc=0xa78e8ff0 method=com.android.dx.rop.code.LocalItem.hashCode()I @ 25
Event: 5,330 Thread 0xb6507400 Uncommon trap: reason=unstable_if action=reinterpret pc=0xa799db7c method=com.android.dx.ssa.SsaMethod.updateOneDefinition(Lcom/android/dx/ssa/SsaInsn;Lcom/android/dx/rop/code/RegisterSpec;)V @ 4
Event: 5,509 Thread 0xb6507400 Uncommon trap: reason=null_check action=make_not_entrant pc=0xa7a60950 method=com.android.dx.ssa.SsaRenamer.getLocalForNewReg(I)Lcom/android/dx/rop/code/LocalItem; @ 19

Internal exceptions (4 events):
Event: 0,192 Thread 0xb6507400 Exception <a 'java/lang/NoSuchMethodError': Method sun.misc.Unsafe.defineClass(Ljava/lang/String;[BII)Ljava/lang/Class; name or signature does not match> (0x91ad03f8) thrown at [/HUDSON/workspace/8-2-build-linux-i586/jdk8u45/3457/hotspot/src/share/vm/prim
Event: 0,192 Thread 0xb6507400 Exception <a 'java/lang/NoSuchMethodError': Method sun.misc.Unsafe.prefetchRead(Ljava/lang/Object;J)V name or signature does not match> (0x91ad0678) thrown at [/HUDSON/workspace/8-2-build-linux-i586/jdk8u45/3457/hotspot/src/share/vm/prims/jni.cpp, line 39
Event: 4,053 Thread 0xb6507400 Implicit null exception at 0xa78ae86b to 0xa78ae8f1
Event: 5,509 Thread 0xb6507400 Implicit null exception at 0xa7a5e8c3 to 0xa7a60941

Events (10 events):
Event: 5,629 Thread 0xb6507400 DEOPT UNPACKING pc=0xa753c590 sp=0xb6728770 mode 0
Event: 5,882 Thread 0xb6507400 DEOPT PACKING pc=0xa7657999 sp=0xb67286a0
Event: 5,890 Thread 0xb6507400 DEOPT UNPACKING pc=0xa753c590 sp=0xb6728534 mode 0
Event: 5,938 Thread 0xb6507400 DEOPT PACKING pc=0xa7672408 sp=0xb6728820
Event: 5,938 Thread 0xb6507400 DEOPT UNPACKING pc=0xa753c590 sp=0xb67286c0 mode 0
Event: 6,848 Thread 0xb6507400 DEOPT PACKING pc=0xa7657999 sp=0xb6728870
Event: 6,848 Thread 0xb6507400 DEOPT UNPACKING pc=0xa753c590 sp=0xb6728704 mode 0
Event: 6,881 Thread 0xb6507400 DEOPT PACKING pc=0xa7672408 sp=0xb6728820
Event: 6,881 Thread 0xb6507400 DEOPT UNPACKING pc=0xa753c590 sp=0xb67286c0 mode 0
Event: 6,935 Executing VM operation: ParallelGCFailedAllocation


Dynamic libraries:
08048000-08049000 r-xp 00000000 fc:01 1836709    /opt/jdk/bin/java
08049000-0804a000 rw-p 00000000 fc:01 1836709    /opt/jdk/bin/java
0895d000-08cdd000 rw-p 00000000 00:00 0          [heap]
63200000-632b1000 rw-p 00000000 00:00 0 
632b1000-63300000 ---p 00000000 00:00 0 
63400000-634ff000 rw-p 00000000 00:00 0 
634ff000-63500000 ---p 00000000 00:00 0 
63500000-635fa000 rw-p 00000000 00:00 0 
635fa000-63600000 ---p 00000000 00:00 0 
63600000-636fb000 rw-p 00000000 00:00 0 
636fb000-63700000 ---p 00000000 00:00 0 
637a9000-637aa000 ---p 00000000 00:00 0 
637aa000-6382a000 rw-p 00000000 00:00 0          [stack:7246]
6382a000-6382d000 ---p 00000000 00:00 0 
6382d000-6387b000 rw-p 00000000 00:00 0          [stack:7245]
6387b000-6387e000 ---p 00000000 00:00 0 
6387e000-638fc000 rw-p 00000000 00:00 0          [stack:7243]
638fc000-638ff000 ---p 00000000 00:00 0 
638ff000-6397d000 rw-p 00000000 00:00 0          [stack:7242]
6397d000-63980000 ---p 00000000 00:00 0 
63980000-639ce000 rw-p 00000000 00:00 0          [stack:7241]
639ce000-63b00000 r--p 002c8000 fc:01 1973199    /usr/lib/locale/locale-archive
63b00000-63d00000 r--p 00000000 fc:01 1973199    /usr/lib/locale/locale-archive
63d00000-63df3000 rw-p 00000000 00:00 0 
63df3000-63e00000 ---p 00000000 00:00 0 
63e39000-63e3c000 ---p 00000000 00:00 0 
63e3c000-63e8a000 rw-p 00000000 00:00 0          [stack:7236]
63e8a000-63e8d000 ---p 00000000 00:00 0 
63e8d000-63edb000 rw-p 00000000 00:00 0          [stack:7234]
63edb000-640b4000 r--s 03d09000 fc:01 1837052    /opt/jdk/jre/lib/rt.jar
640b4000-6449a000 rw-p 00000000 00:00 0 
6449a000-64500000 ---p 00000000 00:00 0 
64500000-66900000 rw-p 00000000 00:00 0 
66900000-66a00000 rw-p 00000000 00:00 0 
66a30000-66a31000 ---p 00000000 00:00 0 
66a31000-66b00000 rw-p 00000000 00:00 0          [stack:7233]
66b00000-66b21000 rw-p 00000000 00:00 0 
66b21000-66c00000 ---p 00000000 00:00 0 
66c4e000-66cb9000 rw-p 00000000 00:00 0 
66cb9000-66dff000 ---p 00000000 00:00 0 
66dff000-66e0f000 rw-p 00000000 00:00 0 
66e0f000-66f54000 ---p 00000000 00:00 0 
66f54000-66f72000 rw-p 00000000 00:00 0 
66f72000-66fff000 ---p 00000000 00:00 0 
66fff000-68ec0000 rw-p 00000000 00:00 0 
68ec0000-91ac0000 ---p 00000000 00:00 0 
91ac0000-95440000 rw-p 00000000 00:00 0 
987f0000-98a40000 rw-p 00000000 00:00 0 
98a40000-a7000000 ---p 00000000 00:00 0 
a700f000-a703e000 r--p 00000000 fc:01 3024056    /usr/share/locale-langpack/ru/LC_MESSAGES/libc.mo
a703e000-a703f000 ---p 00000000 00:00 0 
a703f000-a70bf000 rw-p 00000000 00:00 0          [stack:7230]
a70bf000-a70c0000 ---p 00000000 00:00 0 
a70c0000-a7157000 rw-p 00000000 00:00 0          [stack:7229]
a7157000-a7500000 ---p 00000000 00:00 0 
a7500000-a7a88000 rwxp 00000000 00:00 0 
a7a88000-b6500000 ---p 00000000 00:00 0 
b6500000-b65f9000 rw-p 00000000 00:00 0 
b65f9000-b6600000 ---p 00000000 00:00 0 
b6616000-b661d000 r--s 00000000 fc:01 2105800    /usr/lib/i386-linux-gnu/gconv/gconv-modules.cache
b661d000-b662f000 r--s 000c6000 00:1a 1445322    /home/lotrik/Android/Projects/DZ_10/app/build/intermediates/exploded-aar/com.android.support/support-v4/22.2.0/jars/classes.jar
b662f000-b6647000 rw-p 00000000 00:00 0 
b6647000-b6660000 r-xp 00000000 fc:01 1837006    /opt/jdk/jre/lib/i386/libzip.so
b6660000-b6661000 rw-p 00018000 fc:01 1837006    /opt/jdk/jre/lib/i386/libzip.so
b6661000-b666c000 r-xp 00000000 fc:01 4854121    /lib/i386-linux-gnu/libnss_files-2.19.so
b666c000-b666d000 r--p 0000a000 fc:01 4854121    /lib/i386-linux-gnu/libnss_files-2.19.so
b666d000-b666e000 rw-p 0000b000 fc:01 4854121    /lib/i386-linux-gnu/libnss_files-2.19.so
b666e000-b6678000 r-xp 00000000 fc:01 4854107    /lib/i386-linux-gnu/libnss_nis-2.19.so
b6678000-b6679000 r--p 00009000 fc:01 4854107    /lib/i386-linux-gnu/libnss_nis-2.19.so
b6679000-b667a000 rw-p 0000a000 fc:01 4854107    /lib/i386-linux-gnu/libnss_nis-2.19.so
b667a000-b668f000 r-xp 00000000 fc:01 4854108    /lib/i386-linux-gnu/libnsl-2.19.so
b668f000-b6690000 r--p 00015000 fc:01 4854108    /lib/i386-linux-gnu/libnsl-2.19.so
b6690000-b6691000 rw-p 00016000 fc:01 4854108    /lib/i386-linux-gnu/libnsl-2.19.so
b6691000-b6694000 rw-p 00000000 00:00 0 
b6694000-b66a3000 r--s 000dd000 00:1a 1311620    /home/lotrik/Android/android-sdk-linux/build-tools/22.0.1/lib/dx.jar
b66a3000-b66ab000 rw-s 00000000 fc:01 3935345    /tmp/hsperfdata_lotrik/7216
b66ab000-b66cf000 r-xp 00000000 fc:01 1837001    /opt/jdk/jre/lib/i386/libjava.so
b66cf000-b66d0000 rw-p 00023000 fc:01 1837001    /opt/jdk/jre/lib/i386/libjava.so
b66d0000-b66d7000 r-xp 00000000 fc:01 4854122    /lib/i386-linux-gnu/librt-2.19.so
b66d7000-b66d8000 r--p 00006000 fc:01 4854122    /lib/i386-linux-gnu/librt-2.19.so
b66d8000-b66d9000 rw-p 00007000 fc:01 4854122    /lib/i386-linux-gnu/librt-2.19.so
b66d9000-b66dc000 ---p 00000000 00:00 0 
b66dc000-b672a000 rw-p 00000000 00:00 0          [stack:7227]
b672a000-b676e000 r-xp 00000000 fc:01 4854112    /lib/i386-linux-gnu/libm-2.19.so
b676e000-b676f000 r--p 00043000 fc:01 4854112    /lib/i386-linux-gnu/libm-2.19.so
b676f000-b6770000 rw-p 00044000 fc:01 4854112    /lib/i386-linux-gnu/libm-2.19.so
b6770000-b70e3000 r-xp 00000000 fc:01 1836986    /opt/jdk/jre/lib/i386/server/libjvm.so
b70e3000-b714f000 rw-p 00972000 fc:01 1836986    /opt/jdk/jre/lib/i386/server/libjvm.so
b714f000-b7575000 rw-p 00000000 00:00 0 
b7575000-b771d000 r-xp 00000000 fc:01 4849689    /lib/i386-linux-gnu/libc-2.19.so
b771d000-b771f000 r--p 001a8000 fc:01 4849689    /lib/i386-linux-gnu/libc-2.19.so
b771f000-b7720000 rw-p 001aa000 fc:01 4849689    /lib/i386-linux-gnu/libc-2.19.so
b7720000-b7723000 rw-p 00000000 00:00 0 
b7723000-b7726000 r-xp 00000000 fc:01 4854105    /lib/i386-linux-gnu/libdl-2.19.so
b7726000-b7727000 r--p 00002000 fc:01 4854105    /lib/i386-linux-gnu/libdl-2.19.so
b7727000-b7728000 rw-p 00003000 fc:01 4854105    /lib/i386-linux-gnu/libdl-2.19.so
b7728000-b773c000 r-xp 00000000 fc:01 1835391    /opt/jdk/lib/i386/jli/libjli.so
b773c000-b773d000 rw-p 00014000 fc:01 1835391    /opt/jdk/lib/i386/jli/libjli.so
b773d000-b773e000 rw-p 00000000 00:00 0 
b773e000-b7756000 r-xp 00000000 fc:01 4854117    /lib/i386-linux-gnu/libpthread-2.19.so
b7756000-b7757000 r--p 00018000 fc:01 4854117    /lib/i386-linux-gnu/libpthread-2.19.so
b7757000-b7758000 rw-p 00019000 fc:01 4854117    /lib/i386-linux-gnu/libpthread-2.19.so
b7758000-b775b000 rw-p 00000000 00:00 0 
b775b000-b7762000 r-xp 00000000 fc:01 4854113    /lib/i386-linux-gnu/libnss_compat-2.19.so
b7762000-b7763000 r--p 00006000 fc:01 4854113    /lib/i386-linux-gnu/libnss_compat-2.19.so
b7763000-b7764000 rw-p 00007000 fc:01 4854113    /lib/i386-linux-gnu/libnss_compat-2.19.so
b7764000-b7765000 rw-p 00000000 00:00 0 
b7765000-b7766000 ---p 00000000 00:00 0 
b7766000-b7771000 r-xp 00000000 fc:01 1836952    /opt/jdk/jre/lib/i386/libverify.so
b7771000-b7772000 rw-p 0000b000 fc:01 1836952    /opt/jdk/jre/lib/i386/libverify.so
b7772000-b7774000 rw-p 00000000 00:00 0 
b7774000-b7775000 r-xp 00000000 00:00 0          [vdso]
b7775000-b7777000 r--p 00000000 00:00 0          [vvar]
b7777000-b7797000 r-xp 00000000 fc:01 4854106    /lib/i386-linux-gnu/ld-2.19.so
b7797000-b7798000 r--p 0001f000 fc:01 4854106    /lib/i386-linux-gnu/ld-2.19.so
b7798000-b7799000 rw-p 00020000 fc:01 4854106    /lib/i386-linux-gnu/ld-2.19.so
bff9f000-bffa0000 rwxp 00000000 00:00 0 
bffd2000-bfff3000 rw-p 00000000 00:00 0          [stack]

VM Arguments:
jvm_args: -Xmx1024M -Dfile.encoding=UTF-8 -Duser.country=UA -Duser.language=ru -Duser.variant 
java_command: com.android.dx.command.Main --dex --output /home/lotrik/Android/Projects/DZ_10/app/build/intermediates/pre-dexed/debug/classes-aaffc3cd169fa466a27e909e6b6f02fd0ad83298.jar /home/lotrik/Android/Projects/DZ_10/app/build/intermediates/exploded-aar/com.android.support/support-v4/22.2.0/jars/classes.jar
java_class_path (initial): /home/lotrik/Android/android-sdk-linux/build-tools/22.0.1/lib/dx.jar
Launcher Type: SUN_STANDARD

Environment Variables:
JAVA_HOME=/opt/jdk
PATH=/usr/local/sbin:/usr/local/bin:/usr/sbin:/usr/bin:/sbin:/bin:/usr/games:/usr/local/games
USERNAME=lotrik
LD_LIBRARY_PATH=/home/lotrik/Android/android-studio/bin:
SHELL=/bin/bash
DISPLAY=:0

Signal Handlers:
SIGSEGV: [libjvm.so+0x8c29a0], sa_mask[0]=11111111011111111101111111111110, sa_flags=SA_RESTART|SA_SIGINFO
SIGBUS: [libjvm.so+0x8c29a0], sa_mask[0]=11111111011111111101111111111110, sa_flags=SA_RESTART|SA_SIGINFO
SIGFPE: [libjvm.so+0x7432d0], sa_mask[0]=11111111011111111101111111111110, sa_flags=SA_RESTART|SA_SIGINFO
SIGPIPE: [libjvm.so+0x7432d0], sa_mask[0]=11111111011111111101111111111110, sa_flags=SA_RESTART|SA_SIGINFO
SIGXFSZ: [libjvm.so+0x7432d0], sa_mask[0]=11111111011111111101111111111110, sa_flags=SA_RESTART|SA_SIGINFO
SIGILL: [libjvm.so+0x7432d0], sa_mask[0]=11111111011111111101111111111110, sa_flags=SA_RESTART|SA_SIGINFO
SIGUSR1: SIG_DFL, sa_mask[0]=00000000000000000000000000000000, sa_flags=none
SIGUSR2: [libjvm.so+0x744860], sa_mask[0]=00100000000000000000000000000000, sa_flags=SA_RESTART|SA_SIGINFO
SIGHUP: [libjvm.so+0x745d10], sa_mask[0]=11111111011111111101111111111110, sa_flags=SA_RESTART|SA_SIGINFO
SIGINT: SIG_IGN, sa_mask[0]=00000000000000000000000000000000, sa_flags=none
SIGTERM: [libjvm.so+0x745d10], sa_mask[0]=11111111011111111101111111111110, sa_flags=SA_RESTART|SA_SIGINFO
SIGQUIT: [libjvm.so+0x745d10], sa_mask[0]=11111111011111111101111111111110, sa_flags=SA_RESTART|SA_SIGINFO


---------------  S Y S T E M  ---------------

OS:DISTRIB_ID=LinuxMint
DISTRIB_RELEASE=17.2
DISTRIB_CODENAME=rafaela
DISTRIB_DESCRIPTION="Linux Mint 17.2 Rafaela"

uname:Linux 3.16.0-38-generic #52~14.04.1-Ubuntu SMP Fri May 8 09:44:48 UTC 2015 i686
libc:glibc 2.19 NPTL 2.19 
rlimit: STACK 8192k, CORE 0k, NPROC 22959, NOFILE 4096, AS infinity
load average:1,25 1,02 1,12

/proc/meminfo:
MemTotal:        2968064 kB
MemFree:          235592 kB
MemAvailable:     194448 kB
Buffers:             780 kB
Cached:           260736 kB
SwapCached:            0 kB
Active:          2404184 kB
Inactive:         232964 kB
Active(anon):    2396300 kB
Inactive(anon):   188560 kB
Active(file):       7884 kB
Inactive(file):    44404 kB
Unevictable:           0 kB
Mlocked:               0 kB
HighTotal:       2096384 kB
HighFree:          84008 kB
LowTotal:         871680 kB
LowFree:          151584 kB
SwapTotal:             0 kB
SwapFree:              0 kB
Dirty:               172 kB
Writeback:             0 kB
AnonPages:       2375820 kB
Mapped:            94420 kB
Shmem:            209120 kB
Slab:              53824 kB
SReclaimable:      26932 kB
SUnreclaim:        26892 kB
KernelStack:        4544 kB
PageTables:        12680 kB
NFS_Unstable:          0 kB
Bounce:                0 kB
WritebackTmp:          0 kB
CommitLimit:     1484032 kB
Committed_AS:    5217068 kB
VmallocTotal:     122880 kB
VmallocUsed:       17064 kB
VmallocChunk:     102196 kB
AnonHugePages:    983040 kB
HugePages_Total:       0
HugePages_Free:        0
HugePages_Rsvd:        0
HugePages_Surp:        0
Hugepagesize:       2048 kB
DirectMap4k:       38904 kB
DirectMap2M:      870400 kB


CPU:total 2 (2 cores per cpu, 1 threads per core) family 6 model 37 stepping 5, cmov, cx8, fxsr, mmx, sse, sse2, sse3, ssse3, popcnt, tsc, tscinvbit

/proc/cpuinfo:
processor	: 0
vendor_id	: GenuineIntel
cpu family	: 6
model		: 37
model name	: Intel(R) Pentium(R) CPU        P6200  @ 2.13GHz
stepping	: 5
microcode	: 0x2
cpu MHz		: 2133.000
cache size	: 3072 KB
physical id	: 0
siblings	: 2
core id		: 0
cpu cores	: 2
apicid		: 0
initial apicid	: 0
fdiv_bug	: no
f00f_bug	: no
coma_bug	: no
fpu		: yes
fpu_exception	: yes
cpuid level	: 11
wp		: yes
flags		: fpu vme de pse tsc msr pae mce cx8 apic sep mtrr pge mca cmov pat pse36 clflush dts acpi mmx fxsr sse sse2 ss ht tm pbe nx rdtscp lm constant_tsc arch_perfmon pebs bts xtopology nonstop_tsc aperfmperf pni dtes64 monitor ds_cpl est tm2 ssse3 cx16 xtpr pdcm pcid popcnt lahf_lm arat dtherm
bogomips	: 4256.09
clflush size	: 64
cache_alignment	: 64
address sizes	: 36 bits physical, 48 bits virtual
power management:

processor	: 1
vendor_id	: GenuineIntel
cpu family	: 6
model		: 37
model name	: Intel(R) Pentium(R) CPU        P6200  @ 2.13GHz
stepping	: 5
microcode	: 0x2
cpu MHz		: 2133.000
cache size	: 3072 KB
physical id	: 0
siblings	: 2
core id		: 2
cpu cores	: 2
apicid		: 4
initial apicid	: 4
fdiv_bug	: no
f00f_bug	: no
coma_bug	: no
fpu		: yes
fpu_exception	: yes
cpuid level	: 11
wp		: yes
flags		: fpu vme de pse tsc msr pae mce cx8 apic sep mtrr pge mca cmov pat pse36 clflush dts acpi mmx fxsr sse sse2 ss ht tm pbe nx rdtscp lm constant_tsc arch_perfmon pebs bts xtopology nonstop_tsc aperfmperf pni dtes64 monitor ds_cpl est tm2 ssse3 cx16 xtpr pdcm pcid popcnt lahf_lm arat dtherm
bogomips	: 4256.09
clflush size	: 64
cache_alignment	: 64
address sizes	: 36 bits physical, 48 bits virtual
power management:



Memory: 4k page, physical 2968064k(235344k free), swap 0k(0k free)

vm_info: Java HotSpot(TM) Server VM (25.45-b02) for linux-x86 JRE (1.8.0_45-b14), built on Apr 10 2015 10:38:30 by "java_re" with gcc 4.3.0 20080428 (Red Hat 4.3.0-8)

time: Fri Oct  2 09:56:06 2015
elapsed time: 8 seconds (0d 0h 0m 8s)

