#
# There is insufficient memory for the Java Runtime Environment to continue.
# Native memory allocation (mmap) failed to map 63963136 bytes for committing reserved memory.
# Possible reasons:
#   The system is out of physical RAM or swap space
#   In 32 bit mode, the process size limit was hit
# Possible solutions:
#   Reduce memory load on the system
#   Increase physical memory or swap space
#   Check if swap backing store is full
#   Use 64 bit Java on a 64 bit OS
#   Decrease Java heap size (-Xmx/-Xms)
#   Decrease number of Java threads
#   Decrease Java thread stack sizes (-Xss)
#   Set larger code cache with -XX:ReservedCodeCacheSize=
# This output file may be truncated or incomplete.
#
#  Out of Memory Error (os_linux.cpp:2673), pid=7219, tid=1677568832
#
# JRE version: Java(TM) SE Runtime Environment (8.0_45-b14) (build 1.8.0_45-b14)
# Java VM: Java HotSpot(TM) Server VM (25.45-b02 mixed mode linux-x86 )
# Failed to write core dump. Core dumps have been disabled. To enable core dumping, try "ulimit -c unlimited" before starting Java again
#

---------------  T H R E A D  ---------------

Current thread (0x63e10400):  VMThread [stack: 0x63f5a000,0x63fdb000] [id=7232]

Stack: [0x63f5a000,0x63fdb000],  sp=0x63fd99a0,  free space=510k
Native frames: (J=compiled Java code, j=interpreted, Vv=VM code, C=native code)
V  [libjvm.so+0x8c1ecf]  VMError::report_and_die()+0x16f
V  [libjvm.so+0x386495]  report_vm_out_of_memory(char const*, int, unsigned int, VMErrorType, char const*)+0x55
V  [libjvm.so+0x7467a6]  os::Linux::commit_memory_impl(char*, unsigned int, bool)+0xe6
V  [libjvm.so+0x746bc8]  os::pd_commit_memory(char*, unsigned int, unsigned int, bool)+0x28
V  [libjvm.so+0x7402ec]  os::commit_memory(char*, unsigned int, unsigned int, bool)+0x2c
V  [libjvm.so+0x7aa598]  PSVirtualSpace::expand_by(unsigned int)+0x48
V  [libjvm.so+0x7ab69a]  PSYoungGen::resize_generation(unsigned int, unsigned int)+0xda
V  [libjvm.so+0x7aa9c9]  PSYoungGen::resize(unsigned int, unsigned int)+0x19
V  [libjvm.so+0x7a82ed]  PSScavenge::invoke_no_policy()+0xd4d
V  [libjvm.so+0x7a8ab8]  PSScavenge::invoke()+0x28
V  [libjvm.so+0x767d8a]  ParallelScavengeHeap::failed_mem_allocate(unsigned int)+0x5a
V  [libjvm.so+0x8c379a]  VM_ParallelGCFailedAllocation::doit()+0x7a
V  [libjvm.so+0x8cc9b7]  VM_Operation::evaluate()+0x47
V  [libjvm.so+0x8caa93]  VMThread::evaluate_operation(VM_Operation*)+0xb3
V  [libjvm.so+0x8cae30]  VMThread::loop()+0x1b0
V  [libjvm.so+0x8cb295]  VMThread::run()+0x85
V  [libjvm.so+0x749049]  java_start(Thread*)+0x119
C  [libpthread.so.0+0x6f70]  start_thread+0xd0

VM_Operation (0xb6755634): ParallelGCFailedAllocation, mode: safepoint, requested by thread 0xb6607400


---------------  P R O C E S S  ---------------

Java Threads: ( => current thread )
  0x63e37000 JavaThread "Service Thread" daemon [_thread_blocked, id=7244, stack(0x638d9000,0x6392a000)]
  0x63e34000 JavaThread "C1 CompilerThread1" daemon [_thread_blocked, id=7240, stack(0x6392a000,0x639ab000)]
  0x63e32000 JavaThread "C2 CompilerThread0" daemon [_thread_blocked, id=7239, stack(0x639ab000,0x63a2c000)]
  0x63e30c00 JavaThread "Signal Dispatcher" daemon [_thread_blocked, id=7238, stack(0x63a2c000,0x63a7d000)]
  0x63e14c00 JavaThread "Finalizer" daemon [_thread_blocked, id=7237, stack(0x63daf000,0x63e00000)]
  0x63e13400 JavaThread "Reference Handler" daemon [_thread_blocked, id=7235, stack(0x63f09000,0x63f5a000)]
  0xb6607400 JavaThread "main" [_thread_blocked, id=7226, stack(0xb6706000,0xb6757000)]

Other Threads:
=>0x63e10400 VMThread [stack: 0x63f5a000,0x63fdb000] [id=7232]
  0x63e38c00 WatcherThread [stack: 0x63858000,0x638d9000] [id=7247]

VM state:at safepoint (normal execution)

VM Mutex/Monitor currently owned by a thread:  ([mutex/lock_event])
[0xb6604c50] Threads_lock - owner thread: 0x63e10400
[0xb6605060] Heap_lock - owner thread: 0xb6607400

Heap:
 PSYoungGen      total 49920K, used 1782K [0x91ac0000, 0x94d40000, 0xa7000000)
  eden space 48128K, 0% used [0x91ac0000,0x91ac0000,0x949c0000)
  from space 1792K, 99% used [0x949c0000,0x94b7d808,0x94b80000)
  to   space 1792K, 0% used [0x94b80000,0x94b80000,0x94d40000)
 ParOldGen       total 31488K, used 17654K [0x67000000, 0x68ec0000, 0x91ac0000)
  object space 31488K, 56% used [0x67000000,0x6813d898,0x68ec0000)
 Metaspace       used 3860K, capacity 3902K, committed 3992K, reserved 4400K

Card table byte_map: [0x66dff000,0x67000000] byte_map_base: 0x66ac7000

Marking Bits: (ParMarkBitMap*) 0xb718d960
 Begin Bits: [0x64a00000, 0x65a00000)
 End Bits:   [0x65a00000, 0x66a00000)

Polling page: 0xb7792000

CodeCache: size=245760Kb used=5094Kb max_used=5094Kb free=240665Kb
 bounds [0xa756e000, 0xa7a6e000, 0xb656e000]
 total_blobs=1737 nmethods=1580 adapters=71
 compilation: enabled

Compilation events (10 events):
Event: 5,409 Thread 0x63e34000 1618   !   2       com.android.dx.cf.direct.MemberListParser::parse (641 bytes)
Event: 5,415 Thread 0x63e34000 nmethod 1618 0xa7a60ac8 code [0xa7a61340, 0xa7a637f8]
Event: 5,419 Thread 0x63e34000 1620       2       com.android.dx.cf.direct.MemberListParser::getEndOffset (9 bytes)
Event: 5,420 Thread 0x63e34000 nmethod 1620 0xa7a69548 code [0xa7a69660, 0xa7a6974c]
Event: 5,420 Thread 0x63e34000 1619       1       com.android.dx.cf.direct.MethodListParser::getAttributeContext (2 bytes)
Event: 5,420 Thread 0x63e34000 nmethod 1619 0xa7a697c8 code [0xa7a698c0, 0xa7a69960]
Event: 5,420 Thread 0x63e34000 1621       1       com.android.dx.cf.attrib.AttSourceFile::byteLength (3 bytes)
Event: 5,420 Thread 0x63e34000 nmethod 1621 0xa7a699c8 code [0xa7a69ac0, 0xa7a69b60]
Event: 5,425 Thread 0x63e34000 1622       1       com.android.dx.dex.file.ClassDefItem::getThisClass (5 bytes)
Event: 5,425 Thread 0x63e34000 nmethod 1622 0xa7a69bc8 code [0xa7a69cc0, 0xa7a69d60]

GC Heap History (9 events):
Event: 1,635 GC heap before
{Heap before GC invocations=1 (full 0):
 PSYoungGen      total 13824K, used 12032K [0x91ac0000, 0x92a00000, 0xa7000000)
  eden space 12032K, 100% used [0x91ac0000,0x92680000,0x92680000)
  from space 1792K, 0% used [0x92840000,0x92840000,0x92a00000)
  to   space 1792K, 0% used [0x92680000,0x92680000,0x92840000)
 ParOldGen       total 31488K, used 0K [0x67000000, 0x68ec0000, 0x91ac0000)
  object space 31488K, 0% used [0x67000000,0x67000000,0x68ec0000)
 Metaspace       used 3475K, capacity 3614K, committed 3736K, reserved 4400K
Event: 1,662 GC heap after
Heap after GC invocations=1 (full 0):
 PSYoungGen      total 13824K, used 1788K [0x91ac0000, 0x935c0000, 0xa7000000)
  eden space 12032K, 0% used [0x91ac0000,0x91ac0000,0x92680000)
  from space 1792K, 99% used [0x92680000,0x9283f218,0x92840000)
  to   space 1792K, 0% used [0x93400000,0x93400000,0x935c0000)
 ParOldGen       total 31488K, used 1579K [0x67000000, 0x68ec0000, 0x91ac0000)
  object space 31488K, 5% used [0x67000000,0x6718af28,0x68ec0000)
 Metaspace       used 3475K, capacity 3614K, committed 3736K, reserved 4400K
}
Event: 2,473 GC heap before
{Heap before GC invocations=2 (full 0):
 PSYoungGen      total 13824K, used 13820K [0x91ac0000, 0x935c0000, 0xa7000000)
  eden space 12032K, 100% used [0x91ac0000,0x92680000,0x92680000)
  from space 1792K, 99% used [0x92680000,0x9283f218,0x92840000)
  to   space 1792K, 0% used [0x93400000,0x93400000,0x935c0000)
 ParOldGen       total 31488K, used 1579K [0x67000000, 0x68ec0000, 0x91ac0000)
  object space 31488K, 5% used [0x67000000,0x6718af28,0x68ec0000)
 Metaspace       used 3628K, capacity 3742K, committed 3864K, reserved 4400K
Event: 2,491 GC heap after
Heap after GC invocations=2 (full 0):
 PSYoungGen      total 25856K, used 1789K [0x91ac0000, 0x935c0000, 0xa7000000)
  eden space 24064K, 0% used [0x91ac0000,0x91ac0000,0x93240000)
  from space 1792K, 99% used [0x93400000,0x935bf520,0x935c0000)
  to   space 1792K, 0% used [0x93240000,0x93240000,0x93400000)
 ParOldGen       total 31488K, used 3472K [0x67000000, 0x68ec0000, 0x91ac0000)
  object space 31488K, 11% used [0x67000000,0x673642f8,0x68ec0000)
 Metaspace       used 3628K, capacity 3742K, committed 3864K, reserved 4400K
}
Event: 3,563 GC heap before
{Heap before GC invocations=3 (full 0):
 PSYoungGen      total 25856K, used 25853K [0x91ac0000, 0x935c0000, 0xa7000000)
  eden space 24064K, 100% used [0x91ac0000,0x93240000,0x93240000)
  from space 1792K, 99% used [0x93400000,0x935bf520,0x935c0000)
  to   space 1792K, 0% used [0x93240000,0x93240000,0x93400000)
 ParOldGen       total 31488K, used 3472K [0x67000000, 0x68ec0000, 0x91ac0000)
  object space 31488K, 11% used [0x67000000,0x673642f8,0x68ec0000)
 Metaspace       used 3733K, capacity 3838K, committed 3864K, reserved 4400K
Event: 3,614 GC heap after
Heap after GC invocations=3 (full 0):
 PSYoungGen      total 25856K, used 1789K [0x91ac0000, 0x94d40000, 0xa7000000)
  eden space 24064K, 0% used [0x91ac0000,0x91ac0000,0x93240000)
  from space 1792K, 99% used [0x93240000,0x933ff6b0,0x93400000)
  to   space 1792K, 0% used [0x94b80000,0x94b80000,0x94d40000)
 ParOldGen       total 31488K, used 7075K [0x67000000, 0x68ec0000, 0x91ac0000)
  object space 31488K, 22% used [0x67000000,0x676e8c78,0x68ec0000)
 Metaspace       used 3733K, capacity 3838K, committed 3864K, reserved 4400K
}
Event: 4,260 GC heap before
{Heap before GC invocations=4 (full 0):
 PSYoungGen      total 25856K, used 25853K [0x91ac0000, 0x94d40000, 0xa7000000)
  eden space 24064K, 100% used [0x91ac0000,0x93240000,0x93240000)
  from space 1792K, 99% used [0x93240000,0x933ff6b0,0x93400000)
  to   space 1792K, 0% used [0x94b80000,0x94b80000,0x94d40000)
 ParOldGen       total 31488K, used 7075K [0x67000000, 0x68ec0000, 0x91ac0000)
  object space 31488K, 22% used [0x67000000,0x676e8c78,0x68ec0000)
 Metaspace       used 3780K, capacity 3870K, committed 3992K, reserved 4400K
Event: 4,305 GC heap after
Heap after GC invocations=4 (full 0):
 PSYoungGen      total 49920K, used 1776K [0x91ac0000, 0x94d40000, 0xa7000000)
  eden space 48128K, 0% used [0x91ac0000,0x91ac0000,0x949c0000)
  from space 1792K, 99% used [0x94b80000,0x94d3c2f8,0x94d40000)
  to   space 1792K, 0% used [0x949c0000,0x949c0000,0x94b80000)
 ParOldGen       total 31488K, used 10834K [0x67000000, 0x68ec0000, 0x91ac0000)
  object space 31488K, 34% used [0x67000000,0x67a948d0,0x68ec0000)
 Metaspace       used 3780K, capacity 3870K, committed 3992K, reserved 4400K
}
Event: 5,471 GC heap before
{Heap before GC invocations=5 (full 0):
 PSYoungGen      total 49920K, used 49904K [0x91ac0000, 0x94d40000, 0xa7000000)
  eden space 48128K, 100% used [0x91ac0000,0x949c0000,0x949c0000)
  from space 1792K, 99% used [0x94b80000,0x94d3c2f8,0x94d40000)
  to   space 1792K, 0% used [0x949c0000,0x949c0000,0x94b80000)
 ParOldGen       total 31488K, used 10834K [0x67000000, 0x68ec0000, 0x91ac0000)
  object space 31488K, 34% used [0x67000000,0x67a948d0,0x68ec0000)
 Metaspace       used 3860K, capacity 3902K, committed 3992K, reserved 4400K

Deoptimization events (10 events):
Event: 3,346 Thread 0xb6607400 Uncommon trap: reason=unstable_if action=reinterpret pc=0xa792023c method=com.android.dx.ssa.SsaMethod.updateOneDefinition(Lcom/android/dx/ssa/SsaInsn;Lcom/android/dx/rop/code/RegisterSpec;)V @ 4
Event: 3,731 Thread 0xb6607400 Uncommon trap: reason=unstable_if action=reinterpret pc=0xa768d098 method=java.lang.String.replace(CC)Ljava/lang/String; @ 26
Event: 3,809 Thread 0xb6607400 Uncommon trap: reason=unstable_if action=reinterpret pc=0xa79c71e8 method=com.android.dx.ssa.SCCP.simulateBranch(Lcom/android/dx/ssa/SsaInsn;)V @ 64
Event: 4,138 Thread 0xb6607400 Uncommon trap: reason=bimorphic action=maybe_recompile pc=0xa76da108 method=java.util.HashMap.getNode(ILjava/lang/Object;)Ljava/util/HashMap$Node; @ 126
Event: 4,138 Thread 0xb6607400 Uncommon trap: reason=class_check action=maybe_recompile pc=0xa796a70c method=java.util.HashMap.putVal(ILjava/lang/Object;Ljava/lang/Object;ZZ)Ljava/lang/Object; @ 203
Event: 4,879 Thread 0xb6607400 Uncommon trap: reason=unstable_if action=reinterpret pc=0xa77b7c00 method=java.util.HashMap.putVal(ILjava/lang/Object;Ljava/lang/Object;ZZ)Ljava/lang/Object; @ 162
Event: 4,908 Thread 0xb6607400 Uncommon trap: reason=unstable_if action=reinterpret pc=0xa76eb4b0 method=java.util.HashMap.getNode(ILjava/lang/Object;)Ljava/util/HashMap$Node; @ 84
Event: 4,911 Thread 0xb6607400 Uncommon trap: reason=unstable_if action=reinterpret pc=0xa76da0ec method=java.util.HashMap.getNode(ILjava/lang/Object;)Ljava/util/HashMap$Node; @ 84
Event: 4,912 Thread 0xb6607400 Uncommon trap: reason=unstable_if action=reinterpret pc=0xa796a6f8 method=java.util.HashMap.putVal(ILjava/lang/Object;Ljava/lang/Object;ZZ)Ljava/lang/Object; @ 162
Event: 5,161 Thread 0xb6607400 Uncommon trap: reason=unstable_if action=reinterpret pc=0xa791cd2c method=com.android.dx.dex.code.OutputFinisher.hasLocalInfo(Lcom/android/dx/dex/code/DalvInsn;)Z @ 24

Internal exceptions (5 events):
Event: 0,183 Thread 0xb6607400 Exception <a 'java/lang/NoSuchMethodError': Method sun.misc.Unsafe.defineClass(Ljava/lang/String;[BII)Ljava/lang/Class; name or signature does not match> (0x91ad03f8) thrown at [/HUDSON/workspace/8-2-build-linux-i586/jdk8u45/3457/hotspot/src/share/vm/prim
Event: 0,183 Thread 0xb6607400 Exception <a 'java/lang/NoSuchMethodError': Method sun.misc.Unsafe.prefetchRead(Ljava/lang/Object;J)V name or signature does not match> (0x91ad0678) thrown at [/HUDSON/workspace/8-2-build-linux-i586/jdk8u45/3457/hotspot/src/share/vm/prims/jni.cpp, line 39
Event: 4,897 Thread 0xb6607400 Exception <a 'java/lang/ArrayIndexOutOfBoundsException': 18> (0x936ce4d8) thrown at [/HUDSON/workspace/8-2-build-linux-i586/jdk8u45/3457/hotspot/src/share/vm/interpreter/interpreterRuntime.cpp, line 366]
Event: 4,898 Thread 0xb6607400 Exception <a 'java/lang/ArrayIndexOutOfBoundsException'> (0x936cfcd8) thrown at [/HUDSON/workspace/8-2-build-linux-i586/jdk8u45/3457/hotspot/src/share/vm/runtime/sharedRuntime.cpp, line 605]
Event: 4,904 Thread 0xb6607400 Exception <a 'java/lang/ArrayIndexOutOfBoundsException'> (0x936d0d18) thrown at [/HUDSON/workspace/8-2-build-linux-i586/jdk8u45/3457/hotspot/src/share/vm/runtime/sharedRuntime.cpp, line 605]

Events (10 events):
Event: 4,912 Thread 0xb6607400 DEOPT PACKING pc=0xa796a6f8 sp=0xb6755770
Event: 4,912 Thread 0xb6607400 DEOPT UNPACKING pc=0xa75a8e55 sp=0xb675573c mode 2
Event: 4,997 Thread 0xb6607400 DEOPT PACKING pc=0xa798ca47 sp=0xb67558e0
Event: 4,997 Thread 0xb6607400 DEOPT UNPACKING pc=0xa75aa590 sp=0xb67557bc mode 0
Event: 4,998 Thread 0xb6607400 DEOPT PACKING pc=0xa798d68f sp=0xb6755990
Event: 4,998 Thread 0xb6607400 DEOPT UNPACKING pc=0xa75aa590 sp=0xb6755834 mode 0
Event: 5,161 Thread 0xb6607400 Uncommon trap: trap_request=0xffffff65 fr.pc=0xa791cd2c
Event: 5,161 Thread 0xb6607400 DEOPT PACKING pc=0xa791cd2c sp=0xb6755830
Event: 5,162 Thread 0xb6607400 DEOPT UNPACKING pc=0xa75a8e55 sp=0xb67557dc mode 2
Event: 5,471 Executing VM operation: ParallelGCFailedAllocation


Dynamic libraries:
08048000-08049000 r-xp 00000000 fc:01 1836709    /opt/jdk/bin/java
08049000-0804a000 rw-p 00000000 fc:01 1836709    /opt/jdk/bin/java
08bc9000-09044000 rw-p 00000000 00:00 0          [heap]
63300000-633bb000 rw-p 00000000 00:00 0 
633bb000-63400000 ---p 00000000 00:00 0 
63500000-636fa000 rw-p 00000000 00:00 0 
636fa000-63700000 ---p 00000000 00:00 0 
63700000-637fe000 rw-p 00000000 00:00 0 
637fe000-63800000 ---p 00000000 00:00 0 
63858000-63859000 ---p 00000000 00:00 0 
63859000-638d9000 rw-p 00000000 00:00 0          [stack:7247]
638d9000-638dc000 ---p 00000000 00:00 0 
638dc000-6392a000 rw-p 00000000 00:00 0          [stack:7244]
6392a000-6392d000 ---p 00000000 00:00 0 
6392d000-639ab000 rw-p 00000000 00:00 0          [stack:7240]
639ab000-639ae000 ---p 00000000 00:00 0 
639ae000-63a2c000 rw-p 00000000 00:00 0          [stack:7239]
63a2c000-63a2f000 ---p 00000000 00:00 0 
63a2f000-63a7d000 rw-p 00000000 00:00 0          [stack:7238]
63a7d000-63baf000 r--p 002c8000 fc:01 1973199    /usr/lib/locale/locale-archive
63baf000-63daf000 r--p 00000000 fc:01 1973199    /usr/lib/locale/locale-archive
63daf000-63db2000 ---p 00000000 00:00 0 
63db2000-63e00000 rw-p 00000000 00:00 0          [stack:7237]
63e00000-63eea000 rw-p 00000000 00:00 0 
63eea000-63f00000 ---p 00000000 00:00 0 
63f09000-63f0c000 ---p 00000000 00:00 0 
63f0c000-63f5a000 rw-p 00000000 00:00 0          [stack:7235]
63f5a000-63f5b000 ---p 00000000 00:00 0 
63f5b000-63fdb000 rw-p 00000000 00:00 0          [stack:7232]
63fdb000-641b4000 r--s 03d09000 fc:01 1837052    /opt/jdk/jre/lib/rt.jar
641b4000-6459a000 rw-p 00000000 00:00 0 
6459a000-64600000 ---p 00000000 00:00 0 
64600000-66a00000 rw-p 00000000 00:00 0 
66a00000-66b00000 rw-p 00000000 00:00 0 
66b30000-66b7f000 rw-p 00000000 00:00 0 
66b7f000-66b80000 ---p 00000000 00:00 0 
66b80000-66c00000 rw-p 00000000 00:00 0          [stack:7231]
66c00000-66c21000 rw-p 00000000 00:00 0 
66c21000-66d00000 ---p 00000000 00:00 0 
66d23000-66d7e000 rw-p 00000000 00:00 0 
66d7e000-66d7f000 ---p 00000000 00:00 0 
66d7f000-66e0f000 rw-p 00000000 00:00 0          [stack:7228]
66e0f000-66f54000 ---p 00000000 00:00 0 
66f54000-66f6e000 rw-p 00000000 00:00 0 
66f6e000-66fff000 ---p 00000000 00:00 0 
66fff000-68ec0000 rw-p 00000000 00:00 0 
68ec0000-91ac0000 ---p 00000000 00:00 0 
91ac0000-94d40000 rw-p 00000000 00:00 0 
987f0000-98a40000 rw-p 00000000 00:00 0 
98a40000-a7000000 ---p 00000000 00:00 0 
a7000000-a7007000 r--s 00000000 fc:01 2105800    /usr/lib/i386-linux-gnu/gconv/gconv-modules.cache
a7007000-a7036000 r--p 00000000 fc:01 3024056    /usr/share/locale-langpack/ru/LC_MESSAGES/libc.mo
a7036000-a7040000 r--s 00085000 00:1a 1445334    /home/lotrik/Android/Projects/DZ_10/app/build/intermediates/exploded-aar/com.android.support/appcompat-v7/22.2.0/jars/classes.jar
a7040000-a7068000 rw-p 00000000 00:00 0 
a7068000-a71ae000 ---p 00000000 00:00 0 
a71ae000-a71c2000 rw-p 00000000 00:00 0 
a71c2000-a756e000 ---p 00000000 00:00 0 
a756e000-a7a6e000 rwxp 00000000 00:00 0 
a7a6e000-b656e000 ---p 00000000 00:00 0 
b656e000-b6587000 r-xp 00000000 fc:01 1837006    /opt/jdk/jre/lib/i386/libzip.so
b6587000-b6588000 rw-p 00018000 fc:01 1837006    /opt/jdk/jre/lib/i386/libzip.so
b6588000-b6593000 r-xp 00000000 fc:01 4854121    /lib/i386-linux-gnu/libnss_files-2.19.so
b6593000-b6594000 r--p 0000a000 fc:01 4854121    /lib/i386-linux-gnu/libnss_files-2.19.so
b6594000-b6595000 rw-p 0000b000 fc:01 4854121    /lib/i386-linux-gnu/libnss_files-2.19.so
b6595000-b659f000 r-xp 00000000 fc:01 4854107    /lib/i386-linux-gnu/libnss_nis-2.19.so
b659f000-b65a0000 r--p 00009000 fc:01 4854107    /lib/i386-linux-gnu/libnss_nis-2.19.so
b65a0000-b65a1000 rw-p 0000a000 fc:01 4854107    /lib/i386-linux-gnu/libnss_nis-2.19.so
b65a1000-b65b6000 r-xp 00000000 fc:01 4854108    /lib/i386-linux-gnu/libnsl-2.19.so
b65b6000-b65b7000 r--p 00015000 fc:01 4854108    /lib/i386-linux-gnu/libnsl-2.19.so
b65b7000-b65b8000 rw-p 00016000 fc:01 4854108    /lib/i386-linux-gnu/libnsl-2.19.so
b65b8000-b65ba000 rw-p 00000000 00:00 0 
b65bb000-b65ca000 r--s 000dd000 00:1a 1311620    /home/lotrik/Android/android-sdk-linux/build-tools/22.0.1/lib/dx.jar
b65ca000-b65d2000 rw-s 00000000 fc:01 3935344    /tmp/hsperfdata_lotrik/7219
b65d2000-b65f6000 r-xp 00000000 fc:01 1837001    /opt/jdk/jre/lib/i386/libjava.so
b65f6000-b65f7000 rw-p 00023000 fc:01 1837001    /opt/jdk/jre/lib/i386/libjava.so
b65f7000-b65fe000 r-xp 00000000 fc:01 4854122    /lib/i386-linux-gnu/librt-2.19.so
b65fe000-b65ff000 r--p 00006000 fc:01 4854122    /lib/i386-linux-gnu/librt-2.19.so
b65ff000-b6600000 rw-p 00007000 fc:01 4854122    /lib/i386-linux-gnu/librt-2.19.so
b6600000-b66f9000 rw-p 00000000 00:00 0 
b66f9000-b6700000 ---p 00000000 00:00 0 
b6705000-b6706000 rw-p 00000000 00:00 0 
b6706000-b6709000 ---p 00000000 00:00 0 
b6709000-b6757000 rw-p 00000000 00:00 0          [stack:7226]
b6757000-b679b000 r-xp 00000000 fc:01 4854112    /lib/i386-linux-gnu/libm-2.19.so
b679b000-b679c000 r--p 00043000 fc:01 4854112    /lib/i386-linux-gnu/libm-2.19.so
b679c000-b679d000 rw-p 00044000 fc:01 4854112    /lib/i386-linux-gnu/libm-2.19.so
b679d000-b7110000 r-xp 00000000 fc:01 1836986    /opt/jdk/jre/lib/i386/server/libjvm.so
b7110000-b717c000 rw-p 00972000 fc:01 1836986    /opt/jdk/jre/lib/i386/server/libjvm.so
b717c000-b75a2000 rw-p 00000000 00:00 0 
b75a2000-b774a000 r-xp 00000000 fc:01 4849689    /lib/i386-linux-gnu/libc-2.19.so
b774a000-b774c000 r--p 001a8000 fc:01 4849689    /lib/i386-linux-gnu/libc-2.19.so
b774c000-b774d000 rw-p 001aa000 fc:01 4849689    /lib/i386-linux-gnu/libc-2.19.so
b774d000-b7750000 rw-p 00000000 00:00 0 
b7750000-b7753000 r-xp 00000000 fc:01 4854105    /lib/i386-linux-gnu/libdl-2.19.so
b7753000-b7754000 r--p 00002000 fc:01 4854105    /lib/i386-linux-gnu/libdl-2.19.so
b7754000-b7755000 rw-p 00003000 fc:01 4854105    /lib/i386-linux-gnu/libdl-2.19.so
b7755000-b7769000 r-xp 00000000 fc:01 1835391    /opt/jdk/lib/i386/jli/libjli.so
b7769000-b776a000 rw-p 00014000 fc:01 1835391    /opt/jdk/lib/i386/jli/libjli.so
b776a000-b776b000 rw-p 00000000 00:00 0 
b776b000-b7783000 r-xp 00000000 fc:01 4854117    /lib/i386-linux-gnu/libpthread-2.19.so
b7783000-b7784000 r--p 00018000 fc:01 4854117    /lib/i386-linux-gnu/libpthread-2.19.so
b7784000-b7785000 rw-p 00019000 fc:01 4854117    /lib/i386-linux-gnu/libpthread-2.19.so
b7785000-b7788000 rw-p 00000000 00:00 0 
b7788000-b778f000 r-xp 00000000 fc:01 4854113    /lib/i386-linux-gnu/libnss_compat-2.19.so
b778f000-b7790000 r--p 00006000 fc:01 4854113    /lib/i386-linux-gnu/libnss_compat-2.19.so
b7790000-b7791000 rw-p 00007000 fc:01 4854113    /lib/i386-linux-gnu/libnss_compat-2.19.so
b7791000-b7792000 rw-p 00000000 00:00 0 
b7792000-b7793000 ---p 00000000 00:00 0 
b7793000-b779e000 r-xp 00000000 fc:01 1836952    /opt/jdk/jre/lib/i386/libverify.so
b779e000-b779f000 rw-p 0000b000 fc:01 1836952    /opt/jdk/jre/lib/i386/libverify.so
b779f000-b77a1000 rw-p 00000000 00:00 0 
b77a1000-b77a2000 r-xp 00000000 00:00 0          [vdso]
b77a2000-b77a4000 r--p 00000000 00:00 0          [vvar]
b77a4000-b77c4000 r-xp 00000000 fc:01 4854106    /lib/i386-linux-gnu/ld-2.19.so
b77c4000-b77c5000 r--p 0001f000 fc:01 4854106    /lib/i386-linux-gnu/ld-2.19.so
b77c5000-b77c6000 rw-p 00020000 fc:01 4854106    /lib/i386-linux-gnu/ld-2.19.so
bfdd3000-bfdd4000 rwxp 00000000 00:00 0 
bfe06000-bfe27000 rw-p 00000000 00:00 0          [stack]

VM Arguments:
jvm_args: -Xmx1024M -Dfile.encoding=UTF-8 -Duser.country=UA -Duser.language=ru -Duser.variant 
java_command: com.android.dx.command.Main --dex --output /home/lotrik/Android/Projects/DZ_10/app/build/intermediates/pre-dexed/debug/classes-0d3001a14943dfadf50a01d16feed67de782205b.jar /home/lotrik/Android/Projects/DZ_10/app/build/intermediates/exploded-aar/com.android.support/appcompat-v7/22.2.0/jars/classes.jar
java_class_path (initial): /home/lotrik/Android/android-sdk-linux/build-tools/22.0.1/lib/dx.jar
Launcher Type: SUN_STANDARD

Environment Variables:
JAVA_HOME=/opt/jdk
PATH=/usr/local/sbin:/usr/local/bin:/usr/sbin:/usr/bin:/sbin:/bin:/usr/games:/usr/local/games
USERNAME=lotrik
LD_LIBRARY_PATH=/home/lotrik/Android/android-studio/bin:
SHELL=/bin/bash
DISPLAY=:0

Signal Handlers:
SIGSEGV: [libjvm.so+0x8c29a0], sa_mask[0]=11111111011111111101111111111110, sa_flags=SA_RESTART|SA_SIGINFO
SIGBUS: [libjvm.so+0x8c29a0], sa_mask[0]=11111111011111111101111111111110, sa_flags=SA_RESTART|SA_SIGINFO
SIGFPE: [libjvm.so+0x7432d0], sa_mask[0]=11111111011111111101111111111110, sa_flags=SA_RESTART|SA_SIGINFO
SIGPIPE: [libjvm.so+0x7432d0], sa_mask[0]=11111111011111111101111111111110, sa_flags=SA_RESTART|SA_SIGINFO
SIGXFSZ: [libjvm.so+0x7432d0], sa_mask[0]=11111111011111111101111111111110, sa_flags=SA_RESTART|SA_SIGINFO
SIGILL: [libjvm.so+0x7432d0], sa_mask[0]=11111111011111111101111111111110, sa_flags=SA_RESTART|SA_SIGINFO
SIGUSR1: SIG_DFL, sa_mask[0]=00000000000000000000000000000000, sa_flags=none
SIGUSR2: [libjvm.so+0x744860], sa_mask[0]=00100000000000000000000000000000, sa_flags=SA_RESTART|SA_SIGINFO
SIGHUP: [libjvm.so+0x745d10], sa_mask[0]=11111111011111111101111111111110, sa_flags=SA_RESTART|SA_SIGINFO
SIGINT: SIG_IGN, sa_mask[0]=00000000000000000000000000000000, sa_flags=none
SIGTERM: [libjvm.so+0x745d10], sa_mask[0]=11111111011111111101111111111110, sa_flags=SA_RESTART|SA_SIGINFO
SIGQUIT: [libjvm.so+0x745d10], sa_mask[0]=11111111011111111101111111111110, sa_flags=SA_RESTART|SA_SIGINFO


---------------  S Y S T E M  ---------------

OS:DISTRIB_ID=LinuxMint
DISTRIB_RELEASE=17.2
DISTRIB_CODENAME=rafaela
DISTRIB_DESCRIPTION="Linux Mint 17.2 Rafaela"

uname:Linux 3.16.0-38-generic #52~14.04.1-Ubuntu SMP Fri May 8 09:44:48 UTC 2015 i686
libc:glibc 2.19 NPTL 2.19 
rlimit: STACK 8192k, CORE 0k, NPROC 22959, NOFILE 4096, AS infinity
load average:1,25 1,02 1,12

/proc/meminfo:
MemTotal:        2968064 kB
MemFree:          168140 kB
MemAvailable:     117244 kB
Buffers:            1044 kB
Cached:           241696 kB
SwapCached:            0 kB
Active:          2491356 kB
Inactive:         214344 kB
Active(anon):    2483716 kB
Inactive(anon):   188392 kB
Active(file):       7640 kB
Inactive(file):    25952 kB
Unevictable:           0 kB
Mlocked:               0 kB
HighTotal:       2096384 kB
HighFree:          32524 kB
LowTotal:         871680 kB
LowFree:          135616 kB
SwapTotal:             0 kB
SwapFree:              0 kB
Dirty:                48 kB
Writeback:             0 kB
AnonPages:       2463236 kB
Mapped:            82100 kB
Shmem:            208872 kB
Slab:              52976 kB
SReclaimable:      26124 kB
SUnreclaim:        26852 kB
KernelStack:        4672 kB
PageTables:        12936 kB
NFS_Unstable:          0 kB
Bounce:                0 kB
WritebackTmp:          0 kB
CommitLimit:     1484032 kB
Committed_AS:    5369264 kB
VmallocTotal:     122880 kB
VmallocUsed:       17064 kB
VmallocChunk:     102196 kB
AnonHugePages:   1013760 kB
HugePages_Total:       0
HugePages_Free:        0
HugePages_Rsvd:        0
HugePages_Surp:        0
Hugepagesize:       2048 kB
DirectMap4k:       38904 kB
DirectMap2M:      870400 kB


CPU:total 2 (2 cores per cpu, 1 threads per core) family 6 model 37 stepping 5, cmov, cx8, fxsr, mmx, sse, sse2, sse3, ssse3, popcnt, tsc, tscinvbit

/proc/cpuinfo:
processor	: 0
vendor_id	: GenuineIntel
cpu family	: 6
model		: 37
model name	: Intel(R) Pentium(R) CPU        P6200  @ 2.13GHz
stepping	: 5
microcode	: 0x2
cpu MHz		: 2133.000
cache size	: 3072 KB
physical id	: 0
siblings	: 2
core id		: 0
cpu cores	: 2
apicid		: 0
initial apicid	: 0
fdiv_bug	: no
f00f_bug	: no
coma_bug	: no
fpu		: yes
fpu_exception	: yes
cpuid level	: 11
wp		: yes
flags		: fpu vme de pse tsc msr pae mce cx8 apic sep mtrr pge mca cmov pat pse36 clflush dts acpi mmx fxsr sse sse2 ss ht tm pbe nx rdtscp lm constant_tsc arch_perfmon pebs bts xtopology nonstop_tsc aperfmperf pni dtes64 monitor ds_cpl est tm2 ssse3 cx16 xtpr pdcm pcid popcnt lahf_lm arat dtherm
bogomips	: 4256.09
clflush size	: 64
cache_alignment	: 64
address sizes	: 36 bits physical, 48 bits virtual
power management:

processor	: 1
vendor_id	: GenuineIntel
cpu family	: 6
model		: 37
model name	: Intel(R) Pentium(R) CPU        P6200  @ 2.13GHz
stepping	: 5
microcode	: 0x2
cpu MHz		: 2133.000
cache size	: 3072 KB
physical id	: 0
siblings	: 2
core id		: 2
cpu cores	: 2
apicid		: 4
initial apicid	: 4
fdiv_bug	: no
f00f_bug	: no
coma_bug	: no
fpu		: yes
fpu_exception	: yes
cpuid level	: 11
wp		: yes
flags		: fpu vme de pse tsc msr pae mce cx8 apic sep mtrr pge mca cmov pat pse36 clflush dts acpi mmx fxsr sse sse2 ss ht tm pbe nx rdtscp lm constant_tsc arch_perfmon pebs bts xtopology nonstop_tsc aperfmperf pni dtes64 monitor ds_cpl est tm2 ssse3 cx16 xtpr pdcm pcid popcnt lahf_lm arat dtherm
bogomips	: 4256.09
clflush size	: 64
cache_alignment	: 64
address sizes	: 36 bits physical, 48 bits virtual
power management:



Memory: 4k page, physical 2968064k(167024k free), swap 0k(0k free)

vm_info: Java HotSpot(TM) Server VM (25.45-b02) for linux-x86 JRE (1.8.0_45-b14), built on Apr 10 2015 10:38:30 by "java_re" with gcc 4.3.0 20080428 (Red Hat 4.3.0-8)

time: Fri Oct  2 09:56:05 2015
elapsed time: 6 seconds (0d 0h 0m 6s)

