#
# There is insufficient memory for the Java Runtime Environment to continue.
# Native memory allocation (mmap) failed to map 68157440 bytes for committing reserved memory.
# Possible reasons:
#   The system is out of physical RAM or swap space
#   In 32 bit mode, the process size limit was hit
# Possible solutions:
#   Reduce memory load on the system
#   Increase physical memory or swap space
#   Check if swap backing store is full
#   Use 64 bit Java on a 64 bit OS
#   Decrease Java heap size (-Xmx/-Xms)
#   Decrease number of Java threads
#   Decrease Java thread stack sizes (-Xss)
#   Set larger code cache with -XX:ReservedCodeCacheSize=
# This output file may be truncated or incomplete.
#
#  Out of Memory Error (os_linux.cpp:2673), pid=7307, tid=1722485568
#
# JRE version: Java(TM) SE Runtime Environment (8.0_45-b14) (build 1.8.0_45-b14)
# Java VM: Java HotSpot(TM) Server VM (25.45-b02 mixed mode linux-x86 )
# Failed to write core dump. Core dumps have been disabled. To enable core dumping, try "ulimit -c unlimited" before starting Java again
#

---------------  T H R E A D  ---------------

Current thread (0x63d10400):  VMThread [stack: 0x66a30000,0x66ab1000] [id=7323]

Stack: [0x66a30000,0x66ab1000],  sp=0x66aaf9a0,  free space=510k
Native frames: (J=compiled Java code, j=interpreted, Vv=VM code, C=native code)
V  [libjvm.so+0x8c1ecf]  VMError::report_and_die()+0x16f
V  [libjvm.so+0x386495]  report_vm_out_of_memory(char const*, int, unsigned int, VMErrorType, char const*)+0x55
V  [libjvm.so+0x7467a6]  os::Linux::commit_memory_impl(char*, unsigned int, bool)+0xe6
V  [libjvm.so+0x746bc8]  os::pd_commit_memory(char*, unsigned int, unsigned int, bool)+0x28
V  [libjvm.so+0x7402ec]  os::commit_memory(char*, unsigned int, unsigned int, bool)+0x2c
V  [libjvm.so+0x7aa598]  PSVirtualSpace::expand_by(unsigned int)+0x48
V  [libjvm.so+0x7ab69a]  PSYoungGen::resize_generation(unsigned int, unsigned int)+0xda
V  [libjvm.so+0x7aa9c9]  PSYoungGen::resize(unsigned int, unsigned int)+0x19
V  [libjvm.so+0x7a82ed]  PSScavenge::invoke_no_policy()+0xd4d
V  [libjvm.so+0x7a8ab8]  PSScavenge::invoke()+0x28
V  [libjvm.so+0x767d8a]  ParallelScavengeHeap::failed_mem_allocate(unsigned int)+0x5a
V  [libjvm.so+0x8c379a]  VM_ParallelGCFailedAllocation::doit()+0x7a
V  [libjvm.so+0x8cc9b7]  VM_Operation::evaluate()+0x47
V  [libjvm.so+0x8caa93]  VMThread::evaluate_operation(VM_Operation*)+0xb3
V  [libjvm.so+0x8cae30]  VMThread::loop()+0x1b0
V  [libjvm.so+0x8cb295]  VMThread::run()+0x85
V  [libjvm.so+0x749049]  java_start(Thread*)+0x119
C  [libpthread.so.0+0x6f70]  start_thread+0xd0

VM_Operation (0xb66b6644): ParallelGCFailedAllocation, mode: safepoint, requested by thread 0xb6507400


---------------  P R O C E S S  ---------------

Java Threads: ( => current thread )
  0x63d38400 JavaThread "Service Thread" daemon [_thread_blocked, id=7336, stack(0x6382a000,0x6387b000)]
  0x63d35400 JavaThread "C1 CompilerThread1" daemon [_thread_blocked, id=7333, stack(0x6387b000,0x638fc000)]
  0x63d33400 JavaThread "C2 CompilerThread0" daemon [_thread_blocked, id=7331, stack(0x638fc000,0x6397d000)]
  0x63d31c00 JavaThread "Signal Dispatcher" daemon [_thread_blocked, id=7330, stack(0x6397d000,0x639ce000)]
  0x63d14c00 JavaThread "Finalizer" daemon [_thread_blocked, id=7327, stack(0x63e39000,0x63e8a000)]
  0x63d13400 JavaThread "Reference Handler" daemon [_thread_blocked, id=7324, stack(0x63e8a000,0x63edb000)]
  0xb6507400 JavaThread "main" [_thread_blocked, id=7316, stack(0xb6667000,0xb66b8000)]

Other Threads:
=>0x63d10400 VMThread [stack: 0x66a30000,0x66ab1000] [id=7323]
  0x63d3a400 WatcherThread [stack: 0x637a9000,0x6382a000] [id=7337]

VM state:at safepoint (normal execution)

VM Mutex/Monitor currently owned by a thread:  ([mutex/lock_event])
[0xb6504c50] Threads_lock - owner thread: 0x63d10400
[0xb6505060] Heap_lock - owner thread: 0xb6507400

Heap:
 PSYoungGen      total 104704K, used 12022K [0x91ac0000, 0x98f40000, 0xa7000000)
  eden space 92672K, 0% used [0x91ac0000,0x91ac0000,0x97540000)
  from space 12032K, 99% used [0x97540000,0x980fd828,0x98100000)
  to   space 9472K, 0% used [0x98100000,0x98100000,0x98a40000)
 ParOldGen       total 33024K, used 32945K [0x67000000, 0x69040000, 0x91ac0000)
  object space 33024K, 99% used [0x67000000,0x6902c4e8,0x69040000)
 Metaspace       used 3839K, capacity 3934K, committed 3992K, reserved 4400K

Card table byte_map: [0x66dff000,0x67000000] byte_map_base: 0x66ac7000

Marking Bits: (ParMarkBitMap*) 0xb70ee960
 Begin Bits: [0x64900000, 0x65900000)
 End Bits:   [0x65900000, 0x66900000)

Polling page: 0xb76f3000

CodeCache: size=245760Kb used=6533Kb max_used=6545Kb free=239226Kb
 bounds [0xa74cd000, 0xa7b3d000, 0xb64cd000]
 total_blobs=2064 nmethods=1907 adapters=71
 compilation: enabled

Compilation events (10 events):
Event: 14,149 Thread 0x63d35400 1967 %     3       com.android.dx.dex.file.AnnotationUtils::makeSignature @ 65 (251 bytes)
Event: 14,153 Thread 0x63d35400 nmethod 1967% 0xa7b1b5c8 code [0xa7b1ba60, 0xa7b1de24]
Event: 14,154 Thread 0x63d35400 1968       3       com.android.dx.dex.file.AnnotationUtils::makeSignature (251 bytes)
Event: 14,160 Thread 0x63d33400 nmethod 1684 0xa7b1fd88 code [0xa7b21320, 0xa7b29714]
Event: 14,160 Thread 0x63d33400 1948       4       java.util.HashMap::getNode (148 bytes)
Event: 14,168 Thread 0x63d35400 nmethod 1968 0xa7b13508 code [0xa7b13980, 0xa7b15ae4]
Event: 14,168 Thread 0x63d35400 1969 %     3       com.android.dx.cf.code.BaseMachine::popArgs @ 21 (127 bytes)
Event: 14,170 Thread 0x63d35400 nmethod 1969% 0xa7b11148 code [0xa7b11420, 0xa7b128f4]
Event: 14,176 Thread 0x63d33400 nmethod 1948 0xa7b0dec8 code [0xa7b0dfe0, 0xa7b0e190]
Event: 14,178 Thread 0x63d33400 1933       4       com.android.dx.ssa.back.SsaToRop$1::visitBlock (97 bytes)

GC Heap History (10 events):
Event: 3,866 GC heap after
Heap after GC invocations=4 (full 0):
 PSYoungGen      total 25856K, used 1791K [0x91ac0000, 0x935c0000, 0xa7000000)
  eden space 24064K, 0% used [0x91ac0000,0x91ac0000,0x93240000)
  from space 1792K, 99% used [0x93400000,0x935bfeb0,0x935c0000)
  to   space 1792K, 0% used [0x93240000,0x93240000,0x93400000)
 ParOldGen       total 31488K, used 7539K [0x67000000, 0x68ec0000, 0x91ac0000)
  object space 31488K, 23% used [0x67000000,0x6775cd68,0x68ec0000)
 Metaspace       used 3743K, capacity 3838K, committed 3864K, reserved 4400K
}
Event: 4,498 GC heap before
{Heap before GC invocations=5 (full 0):
 PSYoungGen      total 25856K, used 25855K [0x91ac0000, 0x935c0000, 0xa7000000)
  eden space 24064K, 100% used [0x91ac0000,0x93240000,0x93240000)
  from space 1792K, 99% used [0x93400000,0x935bfeb0,0x935c0000)
  to   space 1792K, 0% used [0x93240000,0x93240000,0x93400000)
 ParOldGen       total 31488K, used 7539K [0x67000000, 0x68ec0000, 0x91ac0000)
  object space 31488K, 23% used [0x67000000,0x6775cd68,0x68ec0000)
 Metaspace       used 3774K, capacity 3870K, committed 3992K, reserved 4400K
Event: 4,621 GC heap after
Heap after GC invocations=5 (full 0):
 PSYoungGen      total 25856K, used 1788K [0x91ac0000, 0x95340000, 0xa7000000)
  eden space 24064K, 0% used [0x91ac0000,0x91ac0000,0x93240000)
  from space 1792K, 99% used [0x93240000,0x933ff240,0x93400000)
  to   space 4864K, 0% used [0x94e80000,0x94e80000,0x95340000)
 ParOldGen       total 31488K, used 10782K [0x67000000, 0x68ec0000, 0x91ac0000)
  object space 31488K, 34% used [0x67000000,0x67a87b28,0x68ec0000)
 Metaspace       used 3774K, capacity 3870K, committed 3992K, reserved 4400K
}
Event: 5,084 GC heap before
{Heap before GC invocations=6 (full 0):
 PSYoungGen      total 25856K, used 25852K [0x91ac0000, 0x95340000, 0xa7000000)
  eden space 24064K, 100% used [0x91ac0000,0x93240000,0x93240000)
  from space 1792K, 99% used [0x93240000,0x933ff240,0x93400000)
  to   space 4864K, 0% used [0x94e80000,0x94e80000,0x95340000)
 ParOldGen       total 31488K, used 10782K [0x67000000, 0x68ec0000, 0x91ac0000)
  object space 31488K, 34% used [0x67000000,0x67a87b28,0x68ec0000)
 Metaspace       used 3779K, capacity 3870K, committed 3992K, reserved 4400K
Event: 5,145 GC heap after
Heap after GC invocations=6 (full 0):
 PSYoungGen      total 52480K, used 4858K [0x91ac0000, 0x95440000, 0xa7000000)
  eden space 47616K, 0% used [0x91ac0000,0x91ac0000,0x94940000)
  from space 4864K, 99% used [0x94e80000,0x9533eb58,0x95340000)
  to   space 5376K, 0% used [0x94940000,0x94940000,0x94e80000)
 ParOldGen       total 31488K, used 11091K [0x67000000, 0x68ec0000, 0x91ac0000)
  object space 31488K, 35% used [0x67000000,0x67ad4ce8,0x68ec0000)
 Metaspace       used 3779K, capacity 3870K, committed 3992K, reserved 4400K
}
Event: 8,868 GC heap before
{Heap before GC invocations=7 (full 0):
 PSYoungGen      total 52480K, used 52474K [0x91ac0000, 0x95440000, 0xa7000000)
  eden space 47616K, 100% used [0x91ac0000,0x94940000,0x94940000)
  from space 4864K, 99% used [0x94e80000,0x9533eb58,0x95340000)
  to   space 5376K, 0% used [0x94940000,0x94940000,0x94e80000)
 ParOldGen       total 31488K, used 11091K [0x67000000, 0x68ec0000, 0x91ac0000)
  object space 31488K, 35% used [0x67000000,0x67ad4ce8,0x68ec0000)
 Metaspace       used 3803K, capacity 3902K, committed 3992K, reserved 4400K
Event: 8,984 GC heap after
Heap after GC invocations=7 (full 0):
 PSYoungGen      total 52992K, used 5361K [0x91ac0000, 0x98a40000, 0xa7000000)
  eden space 47616K, 0% used [0x91ac0000,0x91ac0000,0x94940000)
  from space 5376K, 99% used [0x94940000,0x94e7c7f0,0x94e80000)
  to   space 9472K, 0% used [0x98100000,0x98100000,0x98a40000)
 ParOldGen       total 31488K, used 18206K [0x67000000, 0x68ec0000, 0x91ac0000)
  object space 31488K, 57% used [0x67000000,0x681c7998,0x68ec0000)
 Metaspace       used 3803K, capacity 3902K, committed 3992K, reserved 4400K
}
Event: 10,948 GC heap before
{Heap before GC invocations=8 (full 0):
 PSYoungGen      total 52992K, used 52977K [0x91ac0000, 0x98a40000, 0xa7000000)
  eden space 47616K, 100% used [0x91ac0000,0x94940000,0x94940000)
  from space 5376K, 99% used [0x94940000,0x94e7c7f0,0x94e80000)
  to   space 9472K, 0% used [0x98100000,0x98100000,0x98a40000)
 ParOldGen       total 31488K, used 18206K [0x67000000, 0x68ec0000, 0x91ac0000)
  object space 31488K, 57% used [0x67000000,0x681c7998,0x68ec0000)
 Metaspace       used 3824K, capacity 3902K, committed 3992K, reserved 4400K
Event: 11,327 GC heap after
Heap after GC invocations=8 (full 0):
 PSYoungGen      total 102144K, used 9459K [0x91ac0000, 0x98f40000, 0xa7000000)
  eden space 92672K, 0% used [0x91ac0000,0x91ac0000,0x97540000)
  from space 9472K, 99% used [0x98100000,0x98a3cf68,0x98a40000)
  to   space 12032K, 0% used [0x97540000,0x97540000,0x98100000)
 ParOldGen       total 31488K, used 21230K [0x67000000, 0x68ec0000, 0x91ac0000)
  object space 31488K, 67% used [0x67000000,0x684bb800,0x68ec0000)
 Metaspace       used 3824K, capacity 3902K, committed 3992K, reserved 4400K
}
Event: 14,270 GC heap before
{Heap before GC invocations=9 (full 0):
 PSYoungGen      total 102144K, used 102131K [0x91ac0000, 0x98f40000, 0xa7000000)
  eden space 92672K, 100% used [0x91ac0000,0x97540000,0x97540000)
  from space 9472K, 99% used [0x98100000,0x98a3cf68,0x98a40000)
  to   space 12032K, 0% used [0x97540000,0x97540000,0x98100000)
 ParOldGen       total 31488K, used 21230K [0x67000000, 0x68ec0000, 0x91ac0000)
  object space 31488K, 67% used [0x67000000,0x684bb800,0x68ec0000)
 Metaspace       used 3839K, capacity 3934K, committed 3992K, reserved 4400K

Deoptimization events (10 events):
Event: 4,750 Thread 0xb6507400 Uncommon trap: reason=unstable_if action=reinterpret pc=0xa7899d24 method=com.android.dx.rop.code.LocalItem.hashCode()I @ 25
Event: 4,768 Thread 0xb6507400 Uncommon trap: reason=unstable_if action=reinterpret pc=0xa7787518 method=com.android.dx.rop.code.LocalItem.hashCode()I @ 25
Event: 4,769 Thread 0xb6507400 Uncommon trap: reason=unstable_if action=reinterpret pc=0xa784894c method=com.android.dx.rop.code.LocalItem.hashCode()I @ 25
Event: 5,612 Thread 0xb6507400 Uncommon trap: reason=unstable_if action=reinterpret pc=0xa78fb67c method=com.android.dx.ssa.SsaMethod.updateOneDefinition(Lcom/android/dx/ssa/SsaInsn;Lcom/android/dx/rop/code/RegisterSpec;)V @ 4
Event: 9,275 Thread 0xb6507400 Uncommon trap: reason=unstable_if action=reinterpret pc=0xa7a6725c method=com.android.dx.rop.code.RegisterSpec.equals(ILcom/android/dx/rop/type/TypeBearer;Lcom/android/dx/rop/code/LocalItem;)Z @ 42
Event: 9,280 Thread 0xb6507400 Uncommon trap: reason=unstable_if action=reinterpret pc=0xa79979e8 method=com.android.dx.ssa.SCCP.simulateStmt(Lcom/android/dx/ssa/SsaInsn;)V @ 59
Event: 9,296 Thread 0xb6507400 Uncommon trap: reason=unstable_if action=reinterpret pc=0xa7a95430 method=com.android.dx.rop.code.RegisterSpec.equals(ILcom/android/dx/rop/type/TypeBearer;Lcom/android/dx/rop/code/LocalItem;)Z @ 42
Event: 9,549 Thread 0xb6507400 Uncommon trap: reason=unstable_if action=reinterpret pc=0xa7a1f520 method=java.util.HashMap.putVal(ILjava/lang/Object;Ljava/lang/Object;ZZ)Ljava/lang/Object; @ 94
Event: 9,974 Thread 0xb6507400 Uncommon trap: reason=unstable_if action=reinterpret pc=0xa7929dac method=com.android.dx.util.IntList.binarysearch(I)I @ 105
Event: 10,012 Thread 0xb6507400 Uncommon trap: reason=unstable_if action=reinterpret pc=0xa7a92ea8 method=com.android.dx.ssa.MoveParamCombiner$1.visitNonMoveInsn(Lcom/android/dx/ssa/NormalSsaInsn;)V @ 27

Internal exceptions (3 events):
Event: 0,091 Thread 0xb6507400 Exception <a 'java/lang/NoSuchMethodError': Method sun.misc.Unsafe.defineClass(Ljava/lang/String;[BII)Ljava/lang/Class; name or signature does not match> (0x91ad03f8) thrown at [/HUDSON/workspace/8-2-build-linux-i586/jdk8u45/3457/hotspot/src/share/vm/prim
Event: 0,091 Thread 0xb6507400 Exception <a 'java/lang/NoSuchMethodError': Method sun.misc.Unsafe.prefetchRead(Ljava/lang/Object;J)V name or signature does not match> (0x91ad0678) thrown at [/HUDSON/workspace/8-2-build-linux-i586/jdk8u45/3457/hotspot/src/share/vm/prims/jni.cpp, line 39
Event: 4,690 Thread 0xb6507400 Implicit null exception at 0xa798f0eb to 0xa798f171

Events (10 events):
Event: 11,683 Thread 0xb6507400 DEOPT UNPACKING pc=0xa7509590 sp=0xb66b645c mode 0
Event: 11,686 Thread 0xb6507400 DEOPT PACKING pc=0xa775e8e1 sp=0xb66b67d0
Event: 11,686 Thread 0xb6507400 DEOPT UNPACKING pc=0xa7509590 sp=0xb66b6698 mode 0
Event: 12,096 Thread 0xb6507400 DEOPT PACKING pc=0xa7a10a53 sp=0xb66b67d0
Event: 12,096 Thread 0xb6507400 DEOPT UNPACKING pc=0xa7509590 sp=0xb66b6678 mode 0
Event: 14,006 Thread 0xb6507400 DEOPT PACKING pc=0xa783d722 sp=0xb66b6750
Event: 14,006 Thread 0xb6507400 DEOPT UNPACKING pc=0xa7509590 sp=0xb66b6610 mode 0
Event: 14,153 Thread 0xb6507400 DEOPT PACKING pc=0xa7a9000d sp=0xb66b67d0
Event: 14,153 Thread 0xb6507400 DEOPT UNPACKING pc=0xa7509590 sp=0xb66b66f0 mode 0
Event: 14,269 Executing VM operation: ParallelGCFailedAllocation


Dynamic libraries:
08048000-08049000 r-xp 00000000 fc:01 1836709    /opt/jdk/bin/java
08049000-0804a000 rw-p 00000000 fc:01 1836709    /opt/jdk/bin/java
080aa000-08799000 rw-p 00000000 00:00 0          [heap]
63200000-632ff000 rw-p 00000000 00:00 0 
632ff000-63300000 ---p 00000000 00:00 0 
63300000-63360000 rw-p 00000000 00:00 0 
63360000-63400000 ---p 00000000 00:00 0 
63400000-634ff000 rw-p 00000000 00:00 0 
634ff000-63500000 ---p 00000000 00:00 0 
63500000-635fa000 rw-p 00000000 00:00 0 
635fa000-63600000 ---p 00000000 00:00 0 
63600000-636f9000 rw-p 00000000 00:00 0 
636f9000-63700000 ---p 00000000 00:00 0 
637a9000-637aa000 ---p 00000000 00:00 0 
637aa000-6382a000 rw-p 00000000 00:00 0          [stack:7337]
6382a000-6382d000 ---p 00000000 00:00 0 
6382d000-6387b000 rw-p 00000000 00:00 0          [stack:7336]
6387b000-6387e000 ---p 00000000 00:00 0 
6387e000-638fc000 rw-p 00000000 00:00 0          [stack:7333]
638fc000-638ff000 ---p 00000000 00:00 0 
638ff000-6397d000 rw-p 00000000 00:00 0          [stack:7331]
6397d000-63980000 ---p 00000000 00:00 0 
63980000-639ce000 rw-p 00000000 00:00 0          [stack:7330]
639ce000-63b00000 r--p 002c8000 fc:01 1973199    /usr/lib/locale/locale-archive
63b00000-63d00000 r--p 00000000 fc:01 1973199    /usr/lib/locale/locale-archive
63d00000-63df7000 rw-p 00000000 00:00 0 
63df7000-63e00000 ---p 00000000 00:00 0 
63e39000-63e3c000 ---p 00000000 00:00 0 
63e3c000-63e8a000 rw-p 00000000 00:00 0          [stack:7327]
63e8a000-63e8d000 ---p 00000000 00:00 0 
63e8d000-63edb000 rw-p 00000000 00:00 0          [stack:7324]
63edb000-640b4000 r--s 03d09000 fc:01 1837052    /opt/jdk/jre/lib/rt.jar
640b4000-6449a000 rw-p 00000000 00:00 0 
6449a000-64500000 ---p 00000000 00:00 0 
64500000-66900000 rw-p 00000000 00:00 0 
66900000-66a00000 rw-p 00000000 00:00 0 
66a30000-66a31000 ---p 00000000 00:00 0 
66a31000-66b00000 rw-p 00000000 00:00 0          [stack:7323]
66b00000-66b21000 rw-p 00000000 00:00 0 
66b21000-66c00000 ---p 00000000 00:00 0 
66c24000-66c36000 r--s 000c6000 00:1a 1445322    /home/lotrik/Android/Projects/DZ_10/app/build/intermediates/exploded-aar/com.android.support/support-v4/22.2.0/jars/classes.jar
66c36000-66cba000 rw-p 00000000 00:00 0 
66cba000-66dff000 ---p 00000000 00:00 0 
66dff000-66e10000 rw-p 00000000 00:00 0 
66e10000-66f54000 ---p 00000000 00:00 0 
66f54000-66f8f000 rw-p 00000000 00:00 0 
66f8f000-66fff000 ---p 00000000 00:00 0 
66fff000-69040000 rw-p 00000000 00:00 0 
69040000-91ac0000 ---p 00000000 00:00 0 
91ac0000-98f40000 rw-p 00000000 00:00 0 
9d011000-9d040000 r--p 00000000 fc:01 3024056    /usr/share/locale-langpack/ru/LC_MESSAGES/libc.mo
9d040000-a7000000 ---p 00000000 00:00 0 
a700b000-a700c000 ---p 00000000 00:00 0 
a700c000-a708c000 rw-p 00000000 00:00 0          [stack:7320]
a708c000-a708d000 ---p 00000000 00:00 0 
a708d000-a7127000 rw-p 00000000 00:00 0          [stack:7319]
a7127000-a74cd000 ---p 00000000 00:00 0 
a74cd000-a7b3d000 rwxp 00000000 00:00 0 
a7b3d000-b64cd000 ---p 00000000 00:00 0 
b64cd000-b64e6000 r-xp 00000000 fc:01 1837006    /opt/jdk/jre/lib/i386/libzip.so
b64e6000-b64e7000 rw-p 00018000 fc:01 1837006    /opt/jdk/jre/lib/i386/libzip.so
b64e7000-b64f2000 r-xp 00000000 fc:01 4854121    /lib/i386-linux-gnu/libnss_files-2.19.so
b64f2000-b64f3000 r--p 0000a000 fc:01 4854121    /lib/i386-linux-gnu/libnss_files-2.19.so
b64f3000-b64f4000 rw-p 0000b000 fc:01 4854121    /lib/i386-linux-gnu/libnss_files-2.19.so
b64f4000-b64fe000 r-xp 00000000 fc:01 4854107    /lib/i386-linux-gnu/libnss_nis-2.19.so
b64fe000-b64ff000 r--p 00009000 fc:01 4854107    /lib/i386-linux-gnu/libnss_nis-2.19.so
b64ff000-b6500000 rw-p 0000a000 fc:01 4854107    /lib/i386-linux-gnu/libnss_nis-2.19.so
b6500000-b65f9000 rw-p 00000000 00:00 0 
b65f9000-b6600000 ---p 00000000 00:00 0 
b6601000-b6608000 r--s 00000000 fc:01 2105800    /usr/lib/i386-linux-gnu/gconv/gconv-modules.cache
b6608000-b661d000 r-xp 00000000 fc:01 4854108    /lib/i386-linux-gnu/libnsl-2.19.so
b661d000-b661e000 r--p 00015000 fc:01 4854108    /lib/i386-linux-gnu/libnsl-2.19.so
b661e000-b661f000 rw-p 00016000 fc:01 4854108    /lib/i386-linux-gnu/libnsl-2.19.so
b661f000-b6622000 rw-p 00000000 00:00 0 
b6622000-b6631000 r--s 000dd000 00:1a 1311620    /home/lotrik/Android/android-sdk-linux/build-tools/22.0.1/lib/dx.jar
b6631000-b6639000 rw-s 00000000 fc:01 3935345    /tmp/hsperfdata_lotrik/7307
b6639000-b665d000 r-xp 00000000 fc:01 1837001    /opt/jdk/jre/lib/i386/libjava.so
b665d000-b665e000 rw-p 00023000 fc:01 1837001    /opt/jdk/jre/lib/i386/libjava.so
b665e000-b6665000 r-xp 00000000 fc:01 4854122    /lib/i386-linux-gnu/librt-2.19.so
b6665000-b6666000 r--p 00006000 fc:01 4854122    /lib/i386-linux-gnu/librt-2.19.so
b6666000-b6667000 rw-p 00007000 fc:01 4854122    /lib/i386-linux-gnu/librt-2.19.so
b6667000-b666a000 ---p 00000000 00:00 0 
b666a000-b66b8000 rw-p 00000000 00:00 0          [stack:7316]
b66b8000-b66fc000 r-xp 00000000 fc:01 4854112    /lib/i386-linux-gnu/libm-2.19.so
b66fc000-b66fd000 r--p 00043000 fc:01 4854112    /lib/i386-linux-gnu/libm-2.19.so
b66fd000-b66fe000 rw-p 00044000 fc:01 4854112    /lib/i386-linux-gnu/libm-2.19.so
b66fe000-b7071000 r-xp 00000000 fc:01 1836986    /opt/jdk/jre/lib/i386/server/libjvm.so
b7071000-b70dd000 rw-p 00972000 fc:01 1836986    /opt/jdk/jre/lib/i386/server/libjvm.so
b70dd000-b7503000 rw-p 00000000 00:00 0 
b7503000-b76ab000 r-xp 00000000 fc:01 4849689    /lib/i386-linux-gnu/libc-2.19.so
b76ab000-b76ad000 r--p 001a8000 fc:01 4849689    /lib/i386-linux-gnu/libc-2.19.so
b76ad000-b76ae000 rw-p 001aa000 fc:01 4849689    /lib/i386-linux-gnu/libc-2.19.so
b76ae000-b76b1000 rw-p 00000000 00:00 0 
b76b1000-b76b4000 r-xp 00000000 fc:01 4854105    /lib/i386-linux-gnu/libdl-2.19.so
b76b4000-b76b5000 r--p 00002000 fc:01 4854105    /lib/i386-linux-gnu/libdl-2.19.so
b76b5000-b76b6000 rw-p 00003000 fc:01 4854105    /lib/i386-linux-gnu/libdl-2.19.so
b76b6000-b76ca000 r-xp 00000000 fc:01 1835391    /opt/jdk/lib/i386/jli/libjli.so
b76ca000-b76cb000 rw-p 00014000 fc:01 1835391    /opt/jdk/lib/i386/jli/libjli.so
b76cb000-b76cc000 rw-p 00000000 00:00 0 
b76cc000-b76e4000 r-xp 00000000 fc:01 4854117    /lib/i386-linux-gnu/libpthread-2.19.so
b76e4000-b76e5000 r--p 00018000 fc:01 4854117    /lib/i386-linux-gnu/libpthread-2.19.so
b76e5000-b76e6000 rw-p 00019000 fc:01 4854117    /lib/i386-linux-gnu/libpthread-2.19.so
b76e6000-b76e9000 rw-p 00000000 00:00 0 
b76e9000-b76f0000 r-xp 00000000 fc:01 4854113    /lib/i386-linux-gnu/libnss_compat-2.19.so
b76f0000-b76f1000 r--p 00006000 fc:01 4854113    /lib/i386-linux-gnu/libnss_compat-2.19.so
b76f1000-b76f2000 rw-p 00007000 fc:01 4854113    /lib/i386-linux-gnu/libnss_compat-2.19.so
b76f2000-b76f3000 rw-p 00000000 00:00 0 
b76f3000-b76f4000 ---p 00000000 00:00 0 
b76f4000-b76ff000 r-xp 00000000 fc:01 1836952    /opt/jdk/jre/lib/i386/libverify.so
b76ff000-b7700000 rw-p 0000b000 fc:01 1836952    /opt/jdk/jre/lib/i386/libverify.so
b7700000-b7702000 rw-p 00000000 00:00 0 
b7702000-b7703000 r-xp 00000000 00:00 0          [vdso]
b7703000-b7705000 r--p 00000000 00:00 0          [vvar]
b7705000-b7725000 r-xp 00000000 fc:01 4854106    /lib/i386-linux-gnu/ld-2.19.so
b7725000-b7726000 r--p 0001f000 fc:01 4854106    /lib/i386-linux-gnu/ld-2.19.so
b7726000-b7727000 rw-p 00020000 fc:01 4854106    /lib/i386-linux-gnu/ld-2.19.so
bff81000-bff82000 rwxp 00000000 00:00 0 
bffb4000-bffd5000 rw-p 00000000 00:00 0          [stack]

VM Arguments:
jvm_args: -Xmx1024M -Dfile.encoding=UTF-8 -Duser.country=UA -Duser.language=ru -Duser.variant 
java_command: com.android.dx.command.Main --dex --output /home/lotrik/Android/Projects/DZ_10/app/build/intermediates/pre-dexed/debug/classes-aaffc3cd169fa466a27e909e6b6f02fd0ad83298.jar /home/lotrik/Android/Projects/DZ_10/app/build/intermediates/exploded-aar/com.android.support/support-v4/22.2.0/jars/classes.jar
java_class_path (initial): /home/lotrik/Android/android-sdk-linux/build-tools/22.0.1/lib/dx.jar
Launcher Type: SUN_STANDARD

Environment Variables:
JAVA_HOME=/opt/jdk
PATH=/usr/local/sbin:/usr/local/bin:/usr/sbin:/usr/bin:/sbin:/bin:/usr/games:/usr/local/games
USERNAME=lotrik
LD_LIBRARY_PATH=/home/lotrik/Android/android-studio/bin:
SHELL=/bin/bash
DISPLAY=:0

Signal Handlers:
SIGSEGV: [libjvm.so+0x8c29a0], sa_mask[0]=11111111011111111101111111111110, sa_flags=SA_RESTART|SA_SIGINFO
SIGBUS: [libjvm.so+0x8c29a0], sa_mask[0]=11111111011111111101111111111110, sa_flags=SA_RESTART|SA_SIGINFO
SIGFPE: [libjvm.so+0x7432d0], sa_mask[0]=11111111011111111101111111111110, sa_flags=SA_RESTART|SA_SIGINFO
SIGPIPE: [libjvm.so+0x7432d0], sa_mask[0]=11111111011111111101111111111110, sa_flags=SA_RESTART|SA_SIGINFO
SIGXFSZ: [libjvm.so+0x7432d0], sa_mask[0]=11111111011111111101111111111110, sa_flags=SA_RESTART|SA_SIGINFO
SIGILL: [libjvm.so+0x7432d0], sa_mask[0]=11111111011111111101111111111110, sa_flags=SA_RESTART|SA_SIGINFO
SIGUSR1: SIG_DFL, sa_mask[0]=00000000000000000000000000000000, sa_flags=none
SIGUSR2: [libjvm.so+0x744860], sa_mask[0]=00100000000000000000000000000000, sa_flags=SA_RESTART|SA_SIGINFO
SIGHUP: [libjvm.so+0x745d10], sa_mask[0]=11111111011111111101111111111110, sa_flags=SA_RESTART|SA_SIGINFO
SIGINT: SIG_IGN, sa_mask[0]=00000000000000000000000000000000, sa_flags=none
SIGTERM: [libjvm.so+0x745d10], sa_mask[0]=11111111011111111101111111111110, sa_flags=SA_RESTART|SA_SIGINFO
SIGQUIT: [libjvm.so+0x745d10], sa_mask[0]=11111111011111111101111111111110, sa_flags=SA_RESTART|SA_SIGINFO


---------------  S Y S T E M  ---------------

OS:DISTRIB_ID=LinuxMint
DISTRIB_RELEASE=17.2
DISTRIB_CODENAME=rafaela
DISTRIB_DESCRIPTION="Linux Mint 17.2 Rafaela"

uname:Linux 3.16.0-38-generic #52~14.04.1-Ubuntu SMP Fri May 8 09:44:48 UTC 2015 i686
libc:glibc 2.19 NPTL 2.19 
rlimit: STACK 8192k, CORE 0k, NPROC 22959, NOFILE 4096, AS infinity
load average:7,88 2,58 1,63

/proc/meminfo:
MemTotal:        2968064 kB
MemFree:          158776 kB
MemAvailable:     105896 kB
Buffers:             808 kB
Cached:           231744 kB
SwapCached:            0 kB
Active:          2514028 kB
Inactive:         199780 kB
Active(anon):    2496272 kB
Inactive(anon):   187736 kB
Active(file):      17756 kB
Inactive(file):    12044 kB
Unevictable:           0 kB
Mlocked:               0 kB
HighTotal:       2096384 kB
HighFree:          26800 kB
LowTotal:         871680 kB
LowFree:          131976 kB
SwapTotal:             0 kB
SwapFree:              0 kB
Dirty:               348 kB
Writeback:             0 kB
AnonPages:       2481476 kB
Mapped:            77036 kB
Shmem:            202532 kB
Slab:              52572 kB
SReclaimable:      25952 kB
SUnreclaim:        26620 kB
KernelStack:        4624 kB
PageTables:        12988 kB
NFS_Unstable:          0 kB
Bounce:                0 kB
WritebackTmp:          0 kB
CommitLimit:     1484032 kB
Committed_AS:    5391432 kB
VmallocTotal:     122880 kB
VmallocUsed:       17064 kB
VmallocChunk:     102196 kB
AnonHugePages:   1064960 kB
HugePages_Total:       0
HugePages_Free:        0
HugePages_Rsvd:        0
HugePages_Surp:        0
Hugepagesize:       2048 kB
DirectMap4k:       38904 kB
DirectMap2M:      870400 kB


CPU:total 2 (2 cores per cpu, 1 threads per core) family 6 model 37 stepping 5, cmov, cx8, fxsr, mmx, sse, sse2, sse3, ssse3, popcnt, tsc, tscinvbit

/proc/cpuinfo:
processor	: 0
vendor_id	: GenuineIntel
cpu family	: 6
model		: 37
model name	: Intel(R) Pentium(R) CPU        P6200  @ 2.13GHz
stepping	: 5
microcode	: 0x2
cpu MHz		: 2133.000
cache size	: 3072 KB
physical id	: 0
siblings	: 2
core id		: 0
cpu cores	: 2
apicid		: 0
initial apicid	: 0
fdiv_bug	: no
f00f_bug	: no
coma_bug	: no
fpu		: yes
fpu_exception	: yes
cpuid level	: 11
wp		: yes
flags		: fpu vme de pse tsc msr pae mce cx8 apic sep mtrr pge mca cmov pat pse36 clflush dts acpi mmx fxsr sse sse2 ss ht tm pbe nx rdtscp lm constant_tsc arch_perfmon pebs bts xtopology nonstop_tsc aperfmperf pni dtes64 monitor ds_cpl est tm2 ssse3 cx16 xtpr pdcm pcid popcnt lahf_lm arat dtherm
bogomips	: 4256.09
clflush size	: 64
cache_alignment	: 64
address sizes	: 36 bits physical, 48 bits virtual
power management:

processor	: 1
vendor_id	: GenuineIntel
cpu family	: 6
model		: 37
model name	: Intel(R) Pentium(R) CPU        P6200  @ 2.13GHz
stepping	: 5
microcode	: 0x2
cpu MHz		: 2133.000
cache size	: 3072 KB
physical id	: 0
siblings	: 2
core id		: 2
cpu cores	: 2
apicid		: 4
initial apicid	: 4
fdiv_bug	: no
f00f_bug	: no
coma_bug	: no
fpu		: yes
fpu_exception	: yes
cpuid level	: 11
wp		: yes
flags		: fpu vme de pse tsc msr pae mce cx8 apic sep mtrr pge mca cmov pat pse36 clflush dts acpi mmx fxsr sse sse2 ss ht tm pbe nx rdtscp lm constant_tsc arch_perfmon pebs bts xtopology nonstop_tsc aperfmperf pni dtes64 monitor ds_cpl est tm2 ssse3 cx16 xtpr pdcm pcid popcnt lahf_lm arat dtherm
bogomips	: 4256.09
clflush size	: 64
cache_alignment	: 64
address sizes	: 36 bits physical, 48 bits virtual
power management:



Memory: 4k page, physical 2968064k(160792k free), swap 0k(0k free)

vm_info: Java HotSpot(TM) Server VM (25.45-b02) for linux-x86 JRE (1.8.0_45-b14), built on Apr 10 2015 10:38:30 by "java_re" with gcc 4.3.0 20080428 (Red Hat 4.3.0-8)

time: Fri Oct  2 09:56:55 2015
elapsed time: 23 seconds (0d 0h 0m 23s)

